<?xml version="1.0" encoding="UTF-8" standalone="yes"?><!DOCTYPE report PUBLIC "-//JACOCO//DTD Report 1.1//EN" "report.dtd"><report name="io.github.easy4j:faceplusplus-java-sdk"><sessioninfo id="modalongdeMacBook-Pro-67.local-db511445" start="1786211743863" dump="1786211745937"/><sessioninfo id="modalongdeMacBook-Pro-67.local-99874660" start="1786211796148" dump="1786211797599"/><sessioninfo id="modalongdeMacBook-Pro-67.local-dc1b7ea5" start="1786211887951" dump="1786211895840"/><sessioninfo id="modalongdeMacBook-Pro-67.local-72492f9f" start="1786211989670" dump="1786211991684"/><sessioninfo id="modalongdeMacBook-Pro-67.local-e8b29b69" start="1786212077312" dump="1786212079115"/><sessioninfo id="modalongdeMacBook-Pro-67.local-2ba4ead3" start="1786212200696" dump="1786212202259"/><sessioninfo id="modalongdeMacBook-Pro-67.local-20151a37" start="1786212210104" dump="1786212211784"/><sessioninfo id="modalongdeMacBook-Pro-67.local-ac37d475" start="1786212301109" dump="1786212302972"/><sessioninfo id="modalongdeMacBook-Pro-67.local-7ecb556b" start="1786212310312" dump="1786212311860"/><sessioninfo id="modalongdeMacBook-Pro-67.local-2fc4c1b3" start="1786212345381" dump="1786212352097"/><sessioninfo id="modalongdeMacBook-Pro-67.local-978cb14f" start="1786212357506" dump="1786212364507"/><sessioninfo id="modalongdeMacBook-Pro-67.local-ad203025" start="1786212380798" dump="1786212383672"/><sessioninfo id="modalongdeMacBook-Pro-67.local-130ac1c1" start="1786212401353" dump="1786212404483"/><package name="com/faceplusplus/spring/boot"><class name="com/faceplusplus/spring/boot/FaceppFacesetOperations" sourcefilename="FaceppFacesetOperations.java"><method name="&lt;init&gt;" desc="(Lcom/faceplusplus/spring/boot/FaceppTemplate;)V" line="46"><counter type="INSTRUCTION" missed="0" covered="4"/><counter type="LINE" missed="0" covered="2"/><counter type="COMPLEXITY" missed="0" covered="1"/><counter type="METHOD" missed="0" covered="1"/></method><method name="createFaceset" desc="(Lcom/faceplusplus/spring/boot/req/FacesetBo;)Lcom/faceplusplus/spring/boot/resp/FacesetCreateResponse;" line="58"><counter type="INSTRUCTION" missed="0" covered="39"/><counter type="LINE" missed="0" covered="8"/><counter type="COMPLEXITY" missed="0" covered="1"/><counter type="METHOD" missed="0" covered="1"/></method><method name="deleteFaceset" desc="(Lcom/faceplusplus/spring/boot/req/FacesetDeleteBo;)Lcom/faceplusplus/spring/boot/resp/FacesetCreateResponse;" line="77"><counter type="INSTRUCTION" missed="0" covered="39"/><counter type="LINE" missed="0" covered="8"/><counter type="COMPLEXITY" missed="0" covered="1"/><counter type="METHOD" missed="0" covered="1"/></method><method name="updateFaceset" desc="(Lcom/faceplusplus/spring/boot/req/FacesetUpdateBo;)Lcom/faceplusplus/spring/boot/resp/FacesetCreateResponse;" line="96"><counter type="INSTRUCTION" missed="0" covered="39"/><counter type="LINE" missed="0" covered="8"/><counter type="COMPLEXITY" missed="0" covered="1"/><counter type="METHOD" missed="0" covered="1"/></method><method name="getFacesetList" desc="(I[Ljava/lang/String;)Lcom/faceplusplus/spring/boot/resp/FacesetListResponse;" line="116"><counter type="INSTRUCTION" missed="0" covered="59"/><counter type="BRANCH" missed="0" covered="6"/><counter type="LINE" missed="0" covered="11"/><counter type="COMPLEXITY" missed="0" covered="4"/><counter type="METHOD" missed="0" covered="1"/></method><method name="getFacesetByToken" desc="(Ljava/lang/String;I)Lcom/faceplusplus/spring/boot/resp/FacesetDetailResponse;" line="142"><counter type="INSTRUCTION" missed="0" covered="36"/><counter type="LINE" missed="0" covered="9"/><counter type="COMPLEXITY" missed="0" covered="1"/><counter type="METHOD" missed="0" covered="1"/></method><method name="getFacesetByOuterId" desc="(Ljava/lang/String;I)Lcom/faceplusplus/spring/boot/resp/FacesetDetailResponse;" line="163"><counter type="INSTRUCTION" missed="0" covered="36"/><counter type="LINE" missed="0" covered="9"/><counter type="COMPLEXITY" missed="0" covered="1"/><counter type="METHOD" missed="0" covered="1"/></method><method name="addFaceWithToken" desc="(Ljava/lang/String;[Ljava/lang/String;)Lcom/faceplusplus/spring/boot/resp/FaceAddResponse;" line="184"><counter type="INSTRUCTION" missed="0" covered="35"/><counter type="LINE" missed="0" covered="9"/><counter type="COMPLEXITY" missed="0" covered="1"/><counter type="METHOD" missed="0" covered="1"/></method><method name="addFaceWithOuterId" desc="(Ljava/lang/String;[Ljava/lang/String;)Lcom/faceplusplus/spring/boot/resp/FaceAddResponse;" line="205"><counter type="INSTRUCTION" missed="0" covered="35"/><counter type="LINE" missed="0" covered="9"/><counter type="COMPLEXITY" missed="0" covered="1"/><counter type="METHOD" missed="0" covered="1"/></method><method name="removeFaceByToken" desc="(Ljava/lang/String;[Ljava/lang/String;)Lcom/faceplusplus/spring/boot/resp/FaceRemoveResponse;" line="226"><counter type="INSTRUCTION" missed="0" covered="35"/><counter type="LINE" missed="0" covered="9"/><counter type="COMPLEXITY" missed="0" covered="1"/><counter type="METHOD" missed="0" covered="1"/></method><method name="removeFaceByOuterId" desc="(Ljava/lang/String;[Ljava/lang/String;)Lcom/faceplusplus/spring/boot/resp/FaceRemoveResponse;" line="247"><counter type="INSTRUCTION" missed="0" covered="35"/><counter type="LINE" missed="0" covered="9"/><counter type="COMPLEXITY" missed="0" covered="1"/><counter type="METHOD" missed="0" covered="1"/></method><method name="createFace" desc="(Ljava/lang/String;Ljava/lang/String;)Lcom/faceplusplus/spring/boot/resp/FaceSetUserIdResponse;" line="268"><counter type="INSTRUCTION" missed="0" covered="35"/><counter type="LINE" missed="0" covered="9"/><counter type="COMPLEXITY" missed="0" covered="1"/><counter type="METHOD" missed="0" covered="1"/></method><method name="getFaceDetail" desc="(Ljava/lang/String;)Lcom/faceplusplus/spring/boot/resp/FaceDetailResponse;" line="288"><counter type="INSTRUCTION" missed="0" covered="32"/><counter type="LINE" missed="0" covered="8"/><counter type="COMPLEXITY" missed="0" covered="1"/><counter type="METHOD" missed="0" covered="1"/></method><counter type="INSTRUCTION" missed="0" covered="459"/><counter type="BRANCH" missed="0" covered="6"/><counter type="LINE" missed="0" covered="108"/><counter type="COMPLEXITY" missed="0" covered="16"/><counter type="METHOD" missed="0" covered="13"/><counter type="CLASS" missed="0" covered="1"/></class><class name="com/faceplusplus/spring/boot/FaceppTemplate" sourcefilename="FaceppTemplate.java"><method name="&lt;init&gt;" desc="(Lcom/faceplusplus/spring/boot/FaceppOkHttp3Template;Lcom/faceplusplus/spring/boot/FaceppProperties;)V" line="20"><counter type="INSTRUCTION" missed="0" covered="21"/><counter type="LINE" missed="0" covered="6"/><counter type="COMPLEXITY" missed="0" covered="1"/><counter type="METHOD" missed="0" covered="1"/></method><method name="opsForFaceset" desc="()Lcom/faceplusplus/spring/boot/FaceppFacesetAsyncOperations;" line="40"><counter type="INSTRUCTION" missed="0" covered="3"/><counter type="LINE" missed="0" covered="1"/><counter type="COMPLEXITY" missed="0" covered="1"/><counter type="METHOD" missed="0" covered="1"/></method><method name="opsForFaceDetect" desc="()Lcom/faceplusplus/spring/boot/FaceppFaceAsyncOperations;" line="49"><counter type="INSTRUCTION" missed="0" covered="3"/><counter type="LINE" missed="0" covered="1"/><counter type="COMPLEXITY" missed="0" covered="1"/><counter type="METHOD" missed="0" covered="1"/></method><method name="getFaceppProperties" desc="()Lcom/faceplusplus/spring/boot/FaceppProperties;" line="58"><counter type="INSTRUCTION" missed="0" covered="3"/><counter type="LINE" missed="0" covered="1"/><counter type="COMPLEXITY" missed="0" covered="1"/><counter type="METHOD" missed="0" covered="1"/></method><method name="getFaceppOkHttp3Template" desc="()Lcom/faceplusplus/spring/boot/FaceppOkHttp3Template;" line="67"><counter type="INSTRUCTION" missed="0" covered="3"/><counter type="LINE" missed="0" covered="1"/><counter type="COMPLEXITY" missed="0" covered="1"/><counter type="METHOD" missed="0" covered="1"/></method><method name="&lt;clinit&gt;" desc="()V" line="14"><counter type="INSTRUCTION" missed="0" covered="4"/><counter type="LINE" missed="0" covered="1"/><counter type="COMPLEXITY" missed="0" covered="1"/><counter type="METHOD" missed="0" covered="1"/></method><counter type="INSTRUCTION" missed="0" covered="37"/><counter type="LINE" missed="0" covered="11"/><counter type="COMPLEXITY" missed="0" covered="6"/><counter type="METHOD" missed="0" covered="6"/><counter type="CLASS" missed="0" covered="1"/></class><class name="com/faceplusplus/spring/boot/FaceppProperties" sourcefilename="FaceppProperties.java"/><class name="com/faceplusplus/spring/boot/FaceppFaceOperations" sourcefilename="FaceppFaceOperations.java"><method name="&lt;init&gt;" desc="(Lcom/faceplusplus/spring/boot/FaceppTemplate;)V" line="43"><counter type="INSTRUCTION" missed="0" covered="4"/><counter type="LINE" missed="0" covered="2"/><counter type="COMPLEXITY" missed="0" covered="1"/><counter type="METHOD" missed="0" covered="1"/></method><method name="detectUrl" desc="(Ljava/lang/String;Lcom/faceplusplus/spring/boot/req/FaceDetectOptions;)Lcom/faceplusplus/spring/boot/resp/FaceDetectResponse;" line="57"><counter type="INSTRUCTION" missed="0" covered="42"/><counter type="LINE" missed="0" covered="9"/><counter type="COMPLEXITY" missed="0" covered="1"/><counter type="METHOD" missed="0" covered="1"/></method><method name="detectBase64" desc="(Ljava/lang/String;Lcom/faceplusplus/spring/boot/req/FaceDetectOptions;)Lcom/faceplusplus/spring/boot/resp/FaceDetectResponse;" line="78"><counter type="INSTRUCTION" missed="0" covered="42"/><counter type="LINE" missed="0" covered="9"/><counter type="COMPLEXITY" missed="0" covered="1"/><counter type="METHOD" missed="0" covered="1"/></method><method name="detectFile" desc="(Ljava/io/File;Lcom/faceplusplus/spring/boot/req/FaceDetectOptions;)Lcom/faceplusplus/spring/boot/resp/FaceDetectResponse;" line="99"><counter type="INSTRUCTION" missed="0" covered="41"/><counter type="LINE" missed="0" covered="9"/><counter type="COMPLEXITY" missed="0" covered="1"/><counter type="METHOD" missed="0" covered="1"/></method><method name="analyze" desc="([Ljava/lang/String;Lcom/faceplusplus/spring/boot/req/FaceAnalyzeOptions;)Lcom/faceplusplus/spring/boot/resp/FaceAnalyzeResponse;" line="121"><counter type="INSTRUCTION" missed="0" covered="42"/><counter type="LINE" missed="0" covered="9"/><counter type="COMPLEXITY" missed="0" covered="1"/><counter type="METHOD" missed="0" covered="1"/></method><method name="compareUrl" desc="(Ljava/lang/String;Ljava/lang/String;)Lcom/faceplusplus/spring/boot/resp/FaceCompareResponse;" line="143"><counter type="INSTRUCTION" missed="0" covered="34"/><counter type="LINE" missed="0" covered="9"/><counter type="COMPLEXITY" missed="0" covered="1"/><counter type="METHOD" missed="0" covered="1"/></method><method name="compareToken" desc="(Ljava/lang/String;Ljava/lang/String;)Lcom/faceplusplus/spring/boot/resp/FaceCompareResponse;" line="164"><counter type="INSTRUCTION" missed="0" covered="34"/><counter type="LINE" missed="0" covered="9"/><counter type="COMPLEXITY" missed="0" covered="1"/><counter type="METHOD" missed="0" covered="1"/></method><method name="compareBase64" desc="(Ljava/lang/String;Ljava/lang/String;)Lcom/faceplusplus/spring/boot/resp/FaceCompareResponse;" line="185"><counter type="INSTRUCTION" missed="0" covered="34"/><counter type="LINE" missed="0" covered="9"/><counter type="COMPLEXITY" missed="0" covered="1"/><counter type="METHOD" missed="0" covered="1"/></method><method name="compareFile" desc="(Ljava/io/File;Ljava/io/File;)Lcom/faceplusplus/spring/boot/resp/FaceCompareResponse;" line="206"><counter type="INSTRUCTION" missed="0" covered="34"/><counter type="LINE" missed="0" covered="9"/><counter type="COMPLEXITY" missed="0" covered="1"/><counter type="METHOD" missed="0" covered="1"/></method><method name="searchUrl" desc="(Ljava/lang/String;Lcom/faceplusplus/spring/boot/req/FaceSearchOptions;)Lcom/faceplusplus/spring/boot/resp/FaceSearchResponse;" line="227"><counter type="INSTRUCTION" missed="0" covered="41"/><counter type="LINE" missed="0" covered="9"/><counter type="COMPLEXITY" missed="0" covered="1"/><counter type="METHOD" missed="0" covered="1"/></method><method name="searchToken" desc="(Ljava/lang/String;Lcom/faceplusplus/spring/boot/req/FaceSearchOptions;)Lcom/faceplusplus/spring/boot/resp/FaceSearchResponse;" line="248"><counter type="INSTRUCTION" missed="0" covered="41"/><counter type="LINE" missed="0" covered="9"/><counter type="COMPLEXITY" missed="0" covered="1"/><counter type="METHOD" missed="0" covered="1"/></method><method name="searchBase64" desc="(Ljava/lang/String;Lcom/faceplusplus/spring/boot/req/FaceSearchOptions;)Lcom/faceplusplus/spring/boot/resp/FaceSearchResponse;" line="269"><counter type="INSTRUCTION" missed="0" covered="41"/><counter type="LINE" missed="0" covered="9"/><counter type="COMPLEXITY" missed="0" covered="1"/><counter type="METHOD" missed="0" covered="1"/></method><method name="searchFile" desc="(Ljava/io/File;Lcom/faceplusplus/spring/boot/req/FaceSearchOptions;)Lcom/faceplusplus/spring/boot/resp/FaceSearchResponse;" line="290"><counter type="INSTRUCTION" missed="0" covered="41"/><counter type="LINE" missed="0" covered="9"/><counter type="COMPLEXITY" missed="0" covered="1"/><counter type="METHOD" missed="0" covered="1"/></method><method name="skinAnalyzeUrl" desc="(Ljava/lang/String;Lcom/faceplusplus/spring/boot/req/SkinAnalyzeType;Lcom/faceplusplus/spring/boot/req/SkinAnalyzeOptions;)Lcom/faceplusplus/spring/boot/resp/FaceSkinAnalyzeResponse;" line="312"><counter type="INSTRUCTION" missed="0" covered="42"/><counter type="LINE" missed="0" covered="9"/><counter type="COMPLEXITY" missed="0" covered="1"/><counter type="METHOD" missed="0" covered="1"/></method><method name="skinAnalyzeBase64" desc="(Ljava/lang/String;Lcom/faceplusplus/spring/boot/req/SkinAnalyzeType;Lcom/faceplusplus/spring/boot/req/SkinAnalyzeOptions;)Lcom/faceplusplus/spring/boot/resp/FaceSkinAnalyzeResponse;" line="334"><counter type="INSTRUCTION" missed="0" covered="42"/><counter type="LINE" missed="0" covered="9"/><counter type="COMPLEXITY" missed="0" covered="1"/><counter type="METHOD" missed="0" covered="1"/></method><method name="skinAnalyzeFile" desc="(Ljava/io/File;Lcom/faceplusplus/spring/boot/req/SkinAnalyzeType;Lcom/faceplusplus/spring/boot/req/SkinAnalyzeOptions;)Lcom/faceplusplus/spring/boot/resp/FaceSkinAnalyzeResponse;" line="356"><counter type="INSTRUCTION" missed="0" covered="42"/><counter type="LINE" missed="0" covered="9"/><counter type="COMPLEXITY" missed="0" covered="1"/><counter type="METHOD" missed="0" covered="1"/></method><counter type="INSTRUCTION" missed="0" covered="597"/><counter type="LINE" missed="0" covered="137"/><counter type="COMPLEXITY" missed="0" covered="16"/><counter type="METHOD" missed="0" covered="16"/><counter type="CLASS" missed="0" covered="1"/></class><class name="com/faceplusplus/spring/boot/FaceppFacesetAsyncOperations" sourcefilename="FaceppFacesetAsyncOperations.java"><method name="&lt;init&gt;" desc="(Lcom/faceplusplus/spring/boot/FaceppTemplate;)V" line="44"><counter type="INSTRUCTION" missed="0" covered="4"/><counter type="LINE" missed="0" covered="2"/><counter type="COMPLEXITY" missed="0" covered="1"/><counter type="METHOD" missed="0" covered="1"/></method><method name="asyncAddFaceWithToken" desc="(Ljava/lang/String;[Ljava/lang/String;Ljava/util/function/Consumer;)V" line="57"><counter type="INSTRUCTION" missed="0" covered="32"/><counter type="LINE" missed="0" covered="9"/><counter type="COMPLEXITY" missed="0" covered="1"/><counter type="METHOD" missed="0" covered="1"/></method><method name="asyncAddFaceWithOuterId" desc="(Ljava/lang/String;[Ljava/lang/String;Ljava/util/function/Consumer;)V" line="77"><counter type="INSTRUCTION" missed="0" covered="32"/><counter type="LINE" missed="0" covered="9"/><counter type="COMPLEXITY" missed="0" covered="1"/><counter type="METHOD" missed="0" covered="1"/></method><method name="asyncRemoveFaceByToken" desc="(Ljava/lang/String;[Ljava/lang/String;Ljava/util/function/Consumer;)V" line="97"><counter type="INSTRUCTION" missed="0" covered="32"/><counter type="LINE" missed="0" covered="9"/><counter type="COMPLEXITY" missed="0" covered="1"/><counter type="METHOD" missed="0" covered="1"/></method><method name="asyncRemoveFaceByOuterId" desc="(Ljava/lang/String;[Ljava/lang/String;Ljava/util/function/Consumer;)V" line="117"><counter type="INSTRUCTION" missed="0" covered="32"/><counter type="LINE" missed="0" covered="9"/><counter type="COMPLEXITY" missed="0" covered="1"/><counter type="METHOD" missed="0" covered="1"/></method><method name="getFaceStatusByTaskId" desc="(Ljava/lang/String;)Lcom/faceplusplus/spring/boot/resp/FaceStatusResponse;" line="136"><counter type="INSTRUCTION" missed="0" covered="32"/><counter type="LINE" missed="0" covered="8"/><counter type="COMPLEXITY" missed="0" covered="1"/><counter type="METHOD" missed="0" covered="1"/></method><counter type="INSTRUCTION" missed="0" covered="164"/><counter type="LINE" missed="0" covered="46"/><counter type="COMPLEXITY" missed="0" covered="6"/><counter type="METHOD" missed="0" covered="6"/><counter type="CLASS" missed="0" covered="1"/></class><class name="com/faceplusplus/spring/boot/RequestMethod" sourcefilename="RequestMethod.java"><method name="&lt;clinit&gt;" desc="()V" line="10"><counter type="INSTRUCTION" missed="0" covered="51"/><counter type="LINE" missed="0" covered="9"/><counter type="COMPLEXITY" missed="0" covered="1"/><counter type="METHOD" missed="0" covered="1"/></method><counter type="INSTRUCTION" missed="0" covered="51"/><counter type="LINE" missed="0" covered="9"/><counter type="COMPLEXITY" missed="0" covered="1"/><counter type="METHOD" missed="0" covered="1"/><counter type="CLASS" missed="0" covered="1"/></class><class name="com/faceplusplus/spring/boot/FaceppOkHttp3Template$1" sourcefilename="FaceppOkHttp3Template.java"><method name="&lt;init&gt;" desc="(Lcom/faceplusplus/spring/boot/FaceppOkHttp3Template;JLjava/util/function/BiFunction;Ljava/util/function/BiFunction;)V" line="659"><counter type="INSTRUCTION" missed="0" covered="12"/><counter type="LINE" missed="0" covered="1"/><counter type="COMPLEXITY" missed="0" covered="1"/><counter type="METHOD" missed="0" covered="1"/></method><method name="onFailure" desc="(Lokhttp3/Call;Ljava/io/IOException;)V" line="662"><counter type="INSTRUCTION" missed="0" covered="21"/><counter type="BRANCH" missed="0" covered="2"/><counter type="LINE" missed="0" covered="4"/><counter type="COMPLEXITY" missed="0" covered="2"/><counter type="METHOD" missed="0" covered="1"/></method><method name="onResponse" desc="(Lokhttp3/Call;Lokhttp3/Response;)V" line="669"><counter type="INSTRUCTION" missed="24" covered="26"/><counter type="BRANCH" missed="2" covered="2"/><counter type="LINE" missed="1" covered="5"/><counter type="COMPLEXITY" missed="2" covered="1"/><counter type="METHOD" missed="0" covered="1"/></method><counter type="INSTRUCTION" missed="24" covered="59"/><counter type="BRANCH" missed="2" covered="4"/><counter type="LINE" missed="1" covered="10"/><counter type="COMPLEXITY" missed="2" covered="4"/><counter type="METHOD" missed="0" covered="3"/><counter type="CLASS" missed="0" covered="1"/></class><class name="com/faceplusplus/spring/boot/FaceppApiAddress" sourcefilename="FaceppApiAddress.java"><method name="&lt;init&gt;" desc="(Ljava/lang/String;ILjava/lang/String;Lcom/faceplusplus/spring/boot/RequestMethod;Ljava/lang/String;)V" line="215"><counter type="INSTRUCTION" missed="0" covered="14"/><counter type="LINE" missed="0" covered="5"/><counter type="COMPLEXITY" missed="0" covered="1"/><counter type="METHOD" missed="0" covered="1"/></method><method name="getOpt" desc="()Ljava/lang/String;" line="227"><counter type="INSTRUCTION" missed="0" covered="3"/><counter type="LINE" missed="0" covered="1"/><counter type="COMPLEXITY" missed="0" covered="1"/><counter type="METHOD" missed="0" covered="1"/></method><method name="getMethod" desc="()Lcom/faceplusplus/spring/boot/RequestMethod;" line="236"><counter type="INSTRUCTION" missed="0" covered="3"/><counter type="LINE" missed="0" covered="1"/><counter type="COMPLEXITY" missed="0" covered="1"/><counter type="METHOD" missed="0" covered="1"/></method><method name="getUrl" desc="()Ljava/lang/String;" line="245"><counter type="INSTRUCTION" missed="0" covered="3"/><counter type="LINE" missed="0" covered="1"/><counter type="COMPLEXITY" missed="0" covered="1"/><counter type="METHOD" missed="0" covered="1"/></method><method name="getUrl" desc="([Ljava/lang/Object;)Ljava/lang/String;" line="255"><counter type="INSTRUCTION" missed="0" covered="5"/><counter type="LINE" missed="0" covered="1"/><counter type="COMPLEXITY" missed="0" covered="1"/><counter type="METHOD" missed="0" covered="1"/></method><method name="&lt;clinit&gt;" desc="()V" line="16"><counter type="INSTRUCTION" missed="0" covered="336"/><counter type="LINE" missed="0" covered="38"/><counter type="COMPLEXITY" missed="0" covered="1"/><counter type="METHOD" missed="0" covered="1"/></method><counter type="INSTRUCTION" missed="0" covered="364"/><counter type="LINE" missed="0" covered="47"/><counter type="COMPLEXITY" missed="0" covered="6"/><counter type="METHOD" missed="0" covered="6"/><counter type="CLASS" missed="0" covered="1"/></class><class name="com/faceplusplus/spring/boot/FaceppOperations" sourcefilename="FaceppOperations.java"><method name="&lt;init&gt;" desc="(Lcom/faceplusplus/spring/boot/FaceppTemplate;)V" line="42"><counter type="INSTRUCTION" missed="0" covered="6"/><counter type="LINE" missed="0" covered="3"/><counter type="COMPLEXITY" missed="0" covered="1"/><counter type="METHOD" missed="0" covered="1"/></method><method name="getFaceppProperties" desc="()Lcom/faceplusplus/spring/boot/FaceppProperties;" line="52"><counter type="INSTRUCTION" missed="0" covered="4"/><counter type="LINE" missed="0" covered="1"/><counter type="COMPLEXITY" missed="0" covered="1"/><counter type="METHOD" missed="0" covered="1"/></method><method name="getFaceppOkHttp3Template" desc="()Lcom/faceplusplus/spring/boot/FaceppOkHttp3Template;" line="61"><counter type="INSTRUCTION" missed="0" covered="4"/><counter type="LINE" missed="0" covered="1"/><counter type="COMPLEXITY" missed="0" covered="1"/><counter type="METHOD" missed="0" covered="1"/></method><method name="getObjectMapper" desc="()Lcom/fasterxml/jackson/databind/ObjectMapper;" line="70"><counter type="INSTRUCTION" missed="0" covered="5"/><counter type="LINE" missed="0" covered="1"/><counter type="COMPLEXITY" missed="0" covered="1"/><counter type="METHOD" missed="0" covered="1"/></method><method name="&lt;clinit&gt;" desc="()V" line="32"><counter type="INSTRUCTION" missed="0" covered="4"/><counter type="LINE" missed="0" covered="1"/><counter type="COMPLEXITY" missed="0" covered="1"/><counter type="METHOD" missed="0" covered="1"/></method><counter type="INSTRUCTION" missed="0" covered="23"/><counter type="LINE" missed="0" covered="7"/><counter type="COMPLEXITY" missed="0" covered="5"/><counter type="METHOD" missed="0" covered="5"/><counter type="CLASS" missed="0" covered="1"/></class><class name="com/faceplusplus/spring/boot/FaceppConstant" sourcefilename="FaceppConstant.java"/><class name="com/faceplusplus/spring/boot/FaceppFaceAsyncOperations" sourcefilename="FaceppFaceAsyncOperations.java"><method name="&lt;init&gt;" desc="(Lcom/faceplusplus/spring/boot/FaceppTemplate;)V" line="35"><counter type="INSTRUCTION" missed="0" covered="4"/><counter type="LINE" missed="0" covered="2"/><counter type="COMPLEXITY" missed="0" covered="1"/><counter type="METHOD" missed="0" covered="1"/></method><counter type="INSTRUCTION" missed="0" covered="4"/><counter type="LINE" missed="0" covered="2"/><counter type="COMPLEXITY" missed="0" covered="1"/><counter type="METHOD" missed="0" covered="1"/><counter type="CLASS" missed="0" covered="1"/></class><class name="com/faceplusplus/spring/boot/FaceppOkHttp3Template" sourcefilename="FaceppOkHttp3Template.java"><method name="&lt;init&gt;" desc="(Lokhttp3/OkHttpClient;Lcom/fasterxml/jackson/databind/ObjectMapper;Lcom/faceplusplus/spring/boot/FaceppProperties;)V" line="77"><counter type="INSTRUCTION" missed="0" covered="12"/><counter type="LINE" missed="0" covered="5"/><counter type="COMPLEXITY" missed="0" covered="1"/><counter type="METHOD" missed="0" covered="1"/></method><method name="init" desc="()V" line="84"><counter type="INSTRUCTION" missed="25" covered="0"/><counter type="BRANCH" missed="2" covered="0"/><counter type="LINE" missed="7" covered="0"/><counter type="COMPLEXITY" missed="2" covered="0"/><counter type="METHOD" missed="1" covered="0"/></method><method name="post" desc="(Ljava/lang/String;Ljava/lang/Class;)Lcom/faceplusplus/spring/boot/resp/FaceppResponse;" line="103"><counter type="INSTRUCTION" missed="0" covered="9"/><counter type="LINE" missed="0" covered="1"/><counter type="COMPLEXITY" missed="0" covered="1"/><counter type="METHOD" missed="0" covered="1"/></method><method name="post" desc="(Ljava/lang/String;Ljava/util/Map;Ljava/lang/Class;)Lcom/faceplusplus/spring/boot/resp/FaceppResponse;" line="117"><counter type="INSTRUCTION" missed="0" covered="9"/><counter type="LINE" missed="0" covered="1"/><counter type="COMPLEXITY" missed="0" covered="1"/><counter type="METHOD" missed="0" covered="1"/></method><method name="post" desc="(Ljava/lang/String;Ljava/util/Map;Ljava/util/Map;Ljava/lang/Class;)Lcom/faceplusplus/spring/boot/resp/FaceppResponse;" line="132"><counter type="INSTRUCTION" missed="0" covered="9"/><counter type="LINE" missed="0" covered="1"/><counter type="COMPLEXITY" missed="0" covered="1"/><counter type="METHOD" missed="0" covered="1"/></method><method name="post" desc="(Ljava/lang/String;Ljava/util/Map;Ljava/util/Map;Ljava/util/Map;Ljava/lang/Class;)Lcom/faceplusplus/spring/boot/resp/FaceppResponse;" line="148"><counter type="INSTRUCTION" missed="0" covered="9"/><counter type="LINE" missed="0" covered="1"/><counter type="COMPLEXITY" missed="0" covered="1"/><counter type="METHOD" missed="0" covered="1"/></method><method name="get" desc="(Ljava/lang/String;Ljava/lang/Class;)Lcom/faceplusplus/spring/boot/resp/FaceppResponse;" line="161"><counter type="INSTRUCTION" missed="0" covered="9"/><counter type="LINE" missed="0" covered="1"/><counter type="COMPLEXITY" missed="0" covered="1"/><counter type="METHOD" missed="0" covered="1"/></method><method name="get" desc="(Ljava/lang/String;Ljava/util/Map;Ljava/lang/Class;)Lcom/faceplusplus/spring/boot/resp/FaceppResponse;" line="175"><counter type="INSTRUCTION" missed="0" covered="9"/><counter type="LINE" missed="0" covered="1"/><counter type="COMPLEXITY" missed="0" covered="1"/><counter type="METHOD" missed="0" covered="1"/></method><method name="get" desc="(Ljava/lang/String;Ljava/util/Map;Ljava/util/Map;Ljava/lang/Class;)Lcom/faceplusplus/spring/boot/resp/FaceppResponse;" line="190"><counter type="INSTRUCTION" missed="0" covered="9"/><counter type="LINE" missed="0" covered="1"/><counter type="COMPLEXITY" missed="0" covered="1"/><counter type="METHOD" missed="0" covered="1"/></method><method name="doRequest" desc="(Ljava/lang/String;Lcom/faceplusplus/spring/boot/FaceppOkHttp3Template$HttpMethod;Ljava/util/Map;Ljava/util/Map;Ljava/util/Map;Ljava/lang/Class;)Lcom/faceplusplus/spring/boot/resp/FaceppResponse;" line="213"><counter type="INSTRUCTION" missed="0" covered="16"/><counter type="LINE" missed="0" covered="3"/><counter type="COMPLEXITY" missed="0" covered="1"/><counter type="METHOD" missed="0" covered="1"/></method><method name="doRequest" desc="(JLokhttp3/HttpUrl;Lcom/faceplusplus/spring/boot/FaceppOkHttp3Template$HttpMethod;Ljava/util/Map;Ljava/util/Map;Ljava/lang/Class;)Lcom/faceplusplus/spring/boot/resp/FaceppResponse;" line="238"><counter type="INSTRUCTION" missed="24" covered="30"/><counter type="BRANCH" missed="1" covered="1"/><counter type="LINE" missed="5" covered="9"/><counter type="COMPLEXITY" missed="1" covered="1"/><counter type="METHOD" missed="0" covered="1"/></method><method name="doRequest" desc="(Ljava/lang/String;Lcom/faceplusplus/spring/boot/FaceppOkHttp3Template$HttpMethod;)Lokhttp3/Response;" line="267"><counter type="INSTRUCTION" missed="0" covered="6"/><counter type="LINE" missed="0" covered="1"/><counter type="COMPLEXITY" missed="0" covered="1"/><counter type="METHOD" missed="0" covered="1"/></method><method name="doRequest" desc="(Ljava/lang/String;Lcom/faceplusplus/spring/boot/FaceppOkHttp3Template$HttpMethod;Ljava/util/Map;)Lokhttp3/Response;" line="283"><counter type="INSTRUCTION" missed="0" covered="7"/><counter type="LINE" missed="0" covered="1"/><counter type="COMPLEXITY" missed="0" covered="1"/><counter type="METHOD" missed="0" covered="1"/></method><method name="doRequest" desc="(Ljava/lang/String;Lcom/faceplusplus/spring/boot/FaceppOkHttp3Template$HttpMethod;Ljava/util/Map;Ljava/util/Map;)Lokhttp3/Response;" line="301"><counter type="INSTRUCTION" missed="0" covered="8"/><counter type="LINE" missed="0" covered="1"/><counter type="COMPLEXITY" missed="0" covered="1"/><counter type="METHOD" missed="0" covered="1"/></method><method name="doRequest" desc="(Ljava/lang/String;Lcom/faceplusplus/spring/boot/FaceppOkHttp3Template$HttpMethod;Ljava/util/Map;Ljava/util/Map;Ljava/util/Map;)Lokhttp3/Response;" line="321"><counter type="INSTRUCTION" missed="0" covered="11"/><counter type="LINE" missed="0" covered="2"/><counter type="COMPLEXITY" missed="0" covered="1"/><counter type="METHOD" missed="0" covered="1"/></method><method name="doRequest" desc="(JLjava/lang/String;Lcom/faceplusplus/spring/boot/FaceppOkHttp3Template$HttpMethod;Ljava/util/Map;Ljava/util/Map;Ljava/util/Map;)Lokhttp3/Response;" line="344"><counter type="INSTRUCTION" missed="0" covered="13"/><counter type="LINE" missed="0" covered="2"/><counter type="COMPLEXITY" missed="0" covered="1"/><counter type="METHOD" missed="0" covered="1"/></method><method name="doPartRequest" desc="(Ljava/lang/String;Ljava/util/Map;Ljava/lang/Class;)Lcom/faceplusplus/spring/boot/resp/FaceppResponse;" line="364"><counter type="INSTRUCTION" missed="24" covered="30"/><counter type="BRANCH" missed="1" covered="1"/><counter type="LINE" missed="5" covered="10"/><counter type="COMPLEXITY" missed="1" covered="1"/><counter type="METHOD" missed="0" covered="1"/></method><method name="doPartRequest" desc="(JLjava/lang/String;Ljava/util/Map;)Lokhttp3/Response;" line="397"><counter type="INSTRUCTION" missed="12" covered="105"/><counter type="BRANCH" missed="0" covered="6"/><counter type="LINE" missed="3" covered="16"/><counter type="COMPLEXITY" missed="0" covered="4"/><counter type="METHOD" missed="0" covered="1"/></method><method name="doRequest" desc="(JLokhttp3/HttpUrl;Lcom/faceplusplus/spring/boot/FaceppOkHttp3Template$HttpMethod;Ljava/util/Map;Ljava/util/Map;)Lokhttp3/Response;" line="441"><counter type="INSTRUCTION" missed="35" covered="30"/><counter type="BRANCH" missed="1" covered="1"/><counter type="LINE" missed="4" covered="5"/><counter type="COMPLEXITY" missed="1" covered="1"/><counter type="METHOD" missed="0" covered="1"/></method><method name="doAsyncRequest" desc="(Ljava/lang/String;Lcom/faceplusplus/spring/boot/FaceppOkHttp3Template$HttpMethod;Ljava/util/function/Consumer;Ljava/lang/Class;)V" line="470"><counter type="INSTRUCTION" missed="0" covered="8"/><counter type="LINE" missed="0" covered="2"/><counter type="COMPLEXITY" missed="0" covered="1"/><counter type="METHOD" missed="0" covered="1"/></method><method name="doAsyncRequest" desc="(Ljava/lang/String;Lcom/faceplusplus/spring/boot/FaceppOkHttp3Template$HttpMethod;Ljava/util/function/Consumer;Ljava/util/function/BiFunction;Ljava/lang/Class;)V" line="490"><counter type="INSTRUCTION" missed="0" covered="9"/><counter type="LINE" missed="0" covered="2"/><counter type="COMPLEXITY" missed="0" covered="1"/><counter type="METHOD" missed="0" covered="1"/></method><method name="doAsyncRequest" desc="(Ljava/lang/String;Lcom/faceplusplus/spring/boot/FaceppOkHttp3Template$HttpMethod;Ljava/util/Map;Ljava/util/function/Consumer;Ljava/util/function/BiFunction;Ljava/lang/Class;)V" line="512"><counter type="INSTRUCTION" missed="0" covered="10"/><counter type="LINE" missed="0" covered="2"/><counter type="COMPLEXITY" missed="0" covered="1"/><counter type="METHOD" missed="0" covered="1"/></method><method name="doAsyncRequest" desc="(Ljava/lang/String;Lcom/faceplusplus/spring/boot/FaceppOkHttp3Template$HttpMethod;Ljava/util/Map;Ljava/util/Map;Ljava/util/function/Consumer;Ljava/util/function/BiFunction;Ljava/lang/Class;)V" line="536"><counter type="INSTRUCTION" missed="0" covered="11"/><counter type="LINE" missed="0" covered="2"/><counter type="COMPLEXITY" missed="0" covered="1"/><counter type="METHOD" missed="0" covered="1"/></method><method name="doAsyncRequest" desc="(Ljava/lang/String;Lcom/faceplusplus/spring/boot/FaceppOkHttp3Template$HttpMethod;Ljava/util/Map;Ljava/util/Map;Ljava/util/Map;Ljava/util/function/Consumer;Ljava/util/function/BiFunction;Ljava/lang/Class;)V" line="562"><counter type="INSTRUCTION" missed="0" covered="18"/><counter type="LINE" missed="0" covered="4"/><counter type="COMPLEXITY" missed="0" covered="1"/><counter type="METHOD" missed="0" covered="1"/></method><method name="doAsyncRequest" desc="(JLokhttp3/HttpUrl;Lcom/faceplusplus/spring/boot/FaceppOkHttp3Template$HttpMethod;Ljava/util/Map;Ljava/util/Map;Ljava/util/function/Consumer;Ljava/util/function/BiFunction;Ljava/lang/Class;)V" line="590"><counter type="INSTRUCTION" missed="0" covered="14"/><counter type="LINE" missed="0" covered="2"/><counter type="COMPLEXITY" missed="0" covered="1"/><counter type="METHOD" missed="0" covered="1"/></method><method name="doAsyncRequest" desc="(JLjava/lang/String;Lcom/faceplusplus/spring/boot/FaceppOkHttp3Template$HttpMethod;Ljava/util/Map;Ljava/util/Map;Ljava/util/Map;Ljava/util/function/BiFunction;Ljava/util/function/BiFunction;)V" line="633"><counter type="INSTRUCTION" missed="0" covered="15"/><counter type="LINE" missed="0" covered="3"/><counter type="COMPLEXITY" missed="0" covered="1"/><counter type="METHOD" missed="0" covered="1"/></method><method name="doAsyncRequest" desc="(JLokhttp3/HttpUrl;Lcom/faceplusplus/spring/boot/FaceppOkHttp3Template$HttpMethod;Ljava/util/Map;Ljava/util/Map;Ljava/util/function/BiFunction;Ljava/util/function/BiFunction;)V" line="658"><counter type="INSTRUCTION" missed="0" covered="21"/><counter type="LINE" missed="0" covered="3"/><counter type="COMPLEXITY" missed="0" covered="1"/><counter type="METHOD" missed="0" covered="1"/></method><method name="getHttpUrl" desc="(Ljava/lang/String;Ljava/util/Map;)Lokhttp3/HttpUrl;" line="690"><counter type="INSTRUCTION" missed="0" covered="55"/><counter type="BRANCH" missed="2" covered="10"/><counter type="LINE" missed="0" covered="12"/><counter type="COMPLEXITY" missed="2" covered="5"/><counter type="METHOD" missed="0" covered="1"/></method><method name="createRequestBuilder" desc="(Lokhttp3/HttpUrl;Lcom/faceplusplus/spring/boot/FaceppOkHttp3Template$HttpMethod;Ljava/util/Map;Ljava/util/Map;)Lokhttp3/Request$Builder;" line="720"><counter type="INSTRUCTION" missed="0" covered="65"/><counter type="BRANCH" missed="0" covered="6"/><counter type="LINE" missed="0" covered="14"/><counter type="COMPLEXITY" missed="0" covered="4"/><counter type="METHOD" missed="0" covered="1"/></method><method name="readValue" desc="(Ljava/lang/String;Ljava/lang/Class;)Lcom/faceplusplus/spring/boot/resp/FaceppResponse;" line="748"><counter type="INSTRUCTION" missed="5" covered="10"/><counter type="LINE" missed="1" covered="3"/><counter type="COMPLEXITY" missed="0" covered="1"/><counter type="METHOD" missed="0" covered="1"/></method><method name="getObjectMapper" desc="()Lcom/fasterxml/jackson/databind/ObjectMapper;" line="861"><counter type="INSTRUCTION" missed="0" covered="3"/><counter type="LINE" missed="0" covered="1"/><counter type="COMPLEXITY" missed="0" covered="1"/><counter type="METHOD" missed="0" covered="1"/></method><method name="safeInstantiate" desc="(Ljava/lang/Class;)Ljava/lang/Object;" line="865"><counter type="INSTRUCTION" missed="7" covered="0"/><counter type="LINE" missed="1" covered="0"/><counter type="COMPLEXITY" missed="1" covered="0"/><counter type="METHOD" missed="1" covered="0"/></method><method name="lambda$doAsyncRequest$0" desc="(Ljava/lang/Class;JLjava/util/function/Consumer;Lokhttp3/Call;Lokhttp3/Response;)Lcom/faceplusplus/spring/boot/resp/FaceppResponse;" line="593"><counter type="INSTRUCTION" missed="24" covered="23"/><counter type="BRANCH" missed="1" covered="1"/><counter type="LINE" missed="5" covered="8"/><counter type="COMPLEXITY" missed="1" covered="1"/><counter type="METHOD" missed="0" covered="1"/></method><method name="&lt;clinit&gt;" desc="()V" line="45"><counter type="INSTRUCTION" missed="0" covered="13"/><counter type="LINE" missed="0" covered="4"/><counter type="COMPLEXITY" missed="0" covered="1"/><counter type="METHOD" missed="0" covered="1"/></method><counter type="INSTRUCTION" missed="156" covered="606"/><counter type="BRANCH" missed="8" covered="26"/><counter type="LINE" missed="31" covered="124"/><counter type="COMPLEXITY" missed="9" covered="42"/><counter type="METHOD" missed="2" covered="32"/><counter type="CLASS" missed="0" covered="1"/></class><class name="com/faceplusplus/spring/boot/FaceppOkHttp3Template$HttpMethod" sourcefilename="FaceppOkHttp3Template.java"><method name="&lt;init&gt;" desc="(Ljava/lang/String;ILjava/lang/String;Ljava/util/function/BiFunction;)V" line="803"><counter type="INSTRUCTION" missed="0" covered="11"/><counter type="LINE" missed="0" covered="4"/><counter type="COMPLEXITY" missed="0" covered="1"/><counter type="METHOD" missed="0" covered="1"/></method><method name="getName" desc="()Ljava/lang/String;" line="814"><counter type="INSTRUCTION" missed="0" covered="3"/><counter type="LINE" missed="0" covered="1"/><counter type="COMPLEXITY" missed="0" covered="1"/><counter type="METHOD" missed="0" covered="1"/></method><method name="apply" desc="(Lokhttp3/Request$Builder;Ljava/lang/String;)Lokhttp3/Request$Builder;" line="825"><counter type="INSTRUCTION" missed="0" covered="7"/><counter type="LINE" missed="0" covered="1"/><counter type="COMPLEXITY" missed="0" covered="1"/><counter type="METHOD" missed="0" covered="1"/></method><method name="apply" desc="(Lokhttp3/Request$Builder;)Lokhttp3/Request$Builder;" line="835"><counter type="INSTRUCTION" missed="0" covered="7"/><counter type="LINE" missed="0" covered="1"/><counter type="COMPLEXITY" missed="0" covered="1"/><counter type="METHOD" missed="0" covered="1"/></method><method name="getByName" desc="(I)Lcom/faceplusplus/spring/boot/FaceppOkHttp3Template$HttpMethod;" line="845"><counter type="INSTRUCTION" missed="2" covered="24"/><counter type="BRANCH" missed="1" covered="3"/><counter type="LINE" missed="1" covered="3"/><counter type="COMPLEXITY" missed="1" covered="2"/><counter type="METHOD" missed="0" covered="1"/></method><method name="lambda$static$7" desc="(Lokhttp3/Request$Builder;Ljava/lang/String;)Lokhttp3/Request$Builder;" line="797"><counter type="INSTRUCTION" missed="0" covered="2"/><counter type="LINE" missed="0" covered="1"/><counter type="COMPLEXITY" missed="0" covered="1"/><counter type="METHOD" missed="0" covered="1"/></method><method name="lambda$static$6" desc="(Lokhttp3/Request$Builder;Ljava/lang/String;)Lokhttp3/Request$Builder;" line="792"><counter type="INSTRUCTION" missed="0" covered="2"/><counter type="LINE" missed="0" covered="1"/><counter type="COMPLEXITY" missed="0" covered="1"/><counter type="METHOD" missed="0" covered="1"/></method><method name="lambda$static$5" desc="(Lokhttp3/Request$Builder;Ljava/lang/String;)Lokhttp3/Request$Builder;" line="787"><counter type="INSTRUCTION" missed="0" covered="12"/><counter type="BRANCH" missed="0" covered="2"/><counter type="LINE" missed="0" covered="1"/><counter type="COMPLEXITY" missed="0" covered="2"/><counter type="METHOD" missed="0" covered="1"/></method><method name="lambda$static$4" desc="(Lokhttp3/Request$Builder;Ljava/lang/String;)Lokhttp3/Request$Builder;" line="782"><counter type="INSTRUCTION" missed="0" covered="6"/><counter type="LINE" missed="0" covered="1"/><counter type="COMPLEXITY" missed="0" covered="1"/><counter type="METHOD" missed="0" covered="1"/></method><method name="lambda$static$3" desc="(Lokhttp3/Request$Builder;Ljava/lang/String;)Lokhttp3/Request$Builder;" line="777"><counter type="INSTRUCTION" missed="0" covered="6"/><counter type="LINE" missed="0" covered="1"/><counter type="COMPLEXITY" missed="0" covered="1"/><counter type="METHOD" missed="0" covered="1"/></method><method name="lambda$static$2" desc="(Lokhttp3/Request$Builder;Ljava/lang/String;)Lokhttp3/Request$Builder;" line="772"><counter type="INSTRUCTION" missed="0" covered="6"/><counter type="LINE" missed="0" covered="1"/><counter type="COMPLEXITY" missed="0" covered="1"/><counter type="METHOD" missed="0" covered="1"/></method><method name="lambda$static$1" desc="(Lokhttp3/Request$Builder;Ljava/lang/String;)Lokhttp3/Request$Builder;" line="767"><counter type="INSTRUCTION" missed="0" covered="3"/><counter type="LINE" missed="0" covered="1"/><counter type="COMPLEXITY" missed="0" covered="1"/><counter type="METHOD" missed="0" covered="1"/></method><method name="lambda$static$0" desc="(Lokhttp3/Request$Builder;Ljava/lang/String;)Lokhttp3/Request$Builder;" line="762"><counter type="INSTRUCTION" missed="0" covered="3"/><counter type="LINE" missed="0" covered="1"/><counter type="COMPLEXITY" missed="0" covered="1"/><counter type="METHOD" missed="0" covered="1"/></method><method name="&lt;clinit&gt;" desc="()V" line="758"><counter type="INSTRUCTION" missed="0" covered="67"/><counter type="LINE" missed="0" covered="9"/><counter type="COMPLEXITY" missed="0" covered="1"/><counter type="METHOD" missed="0" covered="1"/></method><counter type="INSTRUCTION" missed="2" covered="159"/><counter type="BRANCH" missed="1" covered="5"/><counter type="LINE" missed="1" covered="27"/><counter type="COMPLEXITY" missed="1" covered="16"/><counter type="METHOD" missed="0" covered="14"/><counter type="CLASS" missed="0" covered="1"/></class><sourcefile name="RequestMethod.java"><line nr="10" mi="0" ci="3" mb="0" cb="0"/><line nr="13" mi="0" ci="6" mb="0" cb="0"/><line nr="16" mi="0" ci="6" mb="0" cb="0"/><line nr="19" mi="0" ci="6" mb="0" cb="0"/><line nr="22" mi="0" ci="6" mb="0" cb="0"/><line nr="25" mi="0" ci="6" mb="0" cb="0"/><line nr="28" mi="0" ci="6" mb="0" cb="0"/><line nr="31" mi="0" ci="6" mb="0" cb="0"/><line nr="34" mi="0" ci="6" mb="0" cb="0"/><counter type="INSTRUCTION" missed="0" covered="51"/><counter type="LINE" missed="0" covered="9"/><counter type="COMPLEXITY" missed="0" covered="1"/><counter type="METHOD" missed="0" covered="1"/><counter type="CLASS" missed="0" covered="1"/></sourcefile><sourcefile name="FaceppOkHttp3Template.java"><line nr="45" mi="0" ci="3" mb="0" cb="0"/><line nr="58" mi="0" ci="3" mb="0" cb="0"/><line nr="61" mi="0" ci="3" mb="0" cb="0"/><line nr="64" mi="0" ci="4" mb="0" cb="0"/><line nr="77" mi="0" ci="2" mb="0" cb="0"/><line nr="78" mi="0" ci="3" mb="0" cb="0"/><line nr="79" mi="0" ci="3" mb="0" cb="0"/><line nr="80" mi="0" ci="3" mb="0" cb="0"/><line nr="81" mi="0" ci="1" mb="0" cb="0"/><line nr="84" mi="3" ci="0" mb="2" cb="0"/><line nr="85" mi="10" ci="0" mb="0" cb="0"/><line nr="86" mi="5" ci="0" mb="0" cb="0"/><line nr="87" mi="3" ci="0" mb="0" cb="0"/><line nr="88" mi="1" ci="0" mb="0" cb="0"/><line nr="89" mi="2" ci="0" mb="0" cb="0"/><line nr="91" mi="1" ci="0" mb="0" cb="0"/><line nr="103" mi="0" ci="9" mb="0" cb="0"/><line nr="117" mi="0" ci="9" mb="0" cb="0"/><line nr="132" mi="0" ci="9" mb="0" cb="0"/><line nr="148" mi="0" ci="9" mb="0" cb="0"/><line nr="161" mi="0" ci="9" mb="0" cb="0"/><line nr="175" mi="0" ci="9" mb="0" cb="0"/><line nr="190" mi="0" ci="9" mb="0" cb="0"/><line nr="213" mi="0" ci="2" mb="0" cb="0"/><line nr="214" mi="0" ci="5" mb="0" cb="0"/><line nr="215" mi="0" ci="9" mb="0" cb="0"/><line nr="238" mi="0" ci="8" mb="0" cb="0"/><line nr="239" mi="0" ci="2" mb="0" cb="0"/><line nr="241" mi="0" ci="3" mb="1" cb="1"/><line nr="242" mi="0" ci="4" mb="0" cb="0"/><line nr="243" mi="0" ci="5" mb="0" cb="0"/><line nr="244" mi="0" ci="4" mb="0" cb="0"/><line nr="245" mi="0" ci="1" mb="0" cb="0"/><line nr="246" mi="5" ci="0" mb="0" cb="0"/><line nr="247" mi="4" ci="0" mb="0" cb="0"/><line nr="249" mi="1" ci="0" mb="0" cb="0"/><line nr="250" mi="9" ci="0" mb="0" cb="0"/><line nr="251" mi="5" ci="0" mb="0" cb="0"/><line nr="252" mi="0" ci="1" mb="0" cb="0"/><line nr="253" mi="0" ci="2" mb="0" cb="0"/><line nr="267" mi="0" ci="6" mb="0" cb="0"/><line nr="283" mi="0" ci="7" mb="0" cb="0"/><line nr="301" mi="0" ci="8" mb="0" cb="0"/><line nr="321" mi="0" ci="2" mb="0" cb="0"/><line nr="322" mi="0" ci="9" mb="0" cb="0"/><line nr="344" mi="0" ci="5" mb="0" cb="0"/><line nr="345" mi="0" ci="8" mb="0" cb="0"/><line nr="364" mi="0" ci="2" mb="0" cb="0"/><line nr="365" mi="0" ci="6" mb="0" cb="0"/><line nr="366" mi="0" ci="2" mb="0" cb="0"/><line nr="368" mi="0" ci="3" mb="1" cb="1"/><line nr="369" mi="0" ci="4" mb="0" cb="0"/><line nr="370" mi="0" ci="5" mb="0" cb="0"/><line nr="371" mi="0" ci="4" mb="0" cb="0"/><line nr="372" mi="0" ci="1" mb="0" cb="0"/><line nr="373" mi="5" ci="0" mb="0" cb="0"/><line nr="374" mi="4" ci="0" mb="0" cb="0"/><line nr="376" mi="1" ci="0" mb="0" cb="0"/><line nr="377" mi="9" ci="0" mb="0" cb="0"/><line nr="378" mi="5" ci="0" mb="0" cb="0"/><line nr="379" mi="0" ci="1" mb="0" cb="0"/><line nr="380" mi="0" ci="2" mb="0" cb="0"/><line nr="397" mi="0" ci="6" mb="0" cb="0"/><line nr="398" mi="0" ci="6" mb="0" cb="0"/><line nr="399" mi="0" ci="11" mb="0" cb="2"/><line nr="400" mi="0" ci="3" mb="0" cb="0"/><line nr="401" mi="0" ci="3" mb="0" cb="2"/><line nr="402" mi="0" ci="3" mb="0" cb="0"/><line nr="403" mi="0" ci="4" mb="0" cb="0"/><line nr="404" mi="0" ci="9" mb="0" cb="0"/><line nr="405" mi="0" ci="1" mb="0" cb="0"/><line nr="406" mi="0" ci="9" mb="0" cb="0"/><line nr="408" mi="0" ci="1" mb="0" cb="0"/><line nr="410" mi="0" ci="10" mb="0" cb="0"/><line nr="411" mi="0" ci="3" mb="0" cb="2"/><line nr="412" mi="0" ci="11" mb="0" cb="0"/><line nr="414" mi="0" ci="23" mb="0" cb="0"/><line nr="416" mi="0" ci="2" mb="0" cb="0"/><line nr="417" mi="1" ci="0" mb="0" cb="0"/><line nr="418" mi="9" ci="0" mb="0" cb="0"/><line nr="420" mi="2" ci="0" mb="0" cb="0"/><line nr="441" mi="0" ci="7" mb="0" cb="0"/><line nr="442" mi="0" ci="7" mb="0" cb="0"/><line nr="443" mi="0" ci="3" mb="1" cb="1"/><line nr="444" mi="0" ci="11" mb="0" cb="0"/><line nr="446" mi="23" ci="0" mb="0" cb="0"/><line nr="448" mi="0" ci="2" mb="0" cb="0"/><line nr="449" mi="1" ci="0" mb="0" cb="0"/><line nr="450" mi="9" ci="0" mb="0" cb="0"/><line nr="451" mi="2" ci="0" mb="0" cb="0"/><line nr="470" mi="0" ci="7" mb="0" cb="0"/><line nr="471" mi="0" ci="1" mb="0" cb="0"/><line nr="490" mi="0" ci="8" mb="0" cb="0"/><line nr="491" mi="0" ci="1" mb="0" cb="0"/><line nr="512" mi="0" ci="9" mb="0" cb="0"/><line nr="513" mi="0" ci="1" mb="0" cb="0"/><line nr="536" mi="0" ci="10" mb="0" cb="0"/><line nr="537" mi="0" ci="1" mb="0" cb="0"/><line nr="562" mi="0" ci="2" mb="0" cb="0"/><line nr="563" mi="0" ci="5" mb="0" cb="0"/><line nr="564" mi="0" ci="10" mb="0" cb="0"/><line nr="565" mi="0" ci="1" mb="0" cb="0"/><line nr="590" mi="0" ci="13" mb="0" cb="0"/><line nr="593" mi="0" ci="3" mb="1" cb="1"/><line nr="594" mi="0" ci="4" mb="0" cb="0"/><line nr="595" mi="0" ci="5" mb="0" cb="0"/><line nr="596" mi="0" ci="4" mb="0" cb="0"/><line nr="597" mi="0" ci="1" mb="0" cb="0"/><line nr="598" mi="5" ci="0" mb="0" cb="0"/><line nr="599" mi="4" ci="0" mb="0" cb="0"/><line nr="601" mi="1" ci="0" mb="0" cb="0"/><line nr="602" mi="9" ci="0" mb="0" cb="0"/><line nr="603" mi="5" ci="0" mb="0" cb="0"/><line nr="604" mi="0" ci="1" mb="0" cb="0"/><line nr="605" mi="0" ci="3" mb="0" cb="0"/><line nr="606" mi="0" ci="2" mb="0" cb="0"/><line nr="608" mi="0" ci="1" mb="0" cb="0"/><line nr="633" mi="0" ci="5" mb="0" cb="0"/><line nr="634" mi="0" ci="9" mb="0" cb="0"/><line nr="635" mi="0" ci="1" mb="0" cb="0"/><line nr="658" mi="0" ci="7" mb="0" cb="0"/><line nr="659" mi="0" ci="25" mb="0" cb="0"/><line nr="662" mi="0" ci="10" mb="0" cb="0"/><line nr="663" mi="0" ci="4" mb="0" cb="2"/><line nr="664" mi="0" ci="6" mb="0" cb="0"/><line nr="666" mi="0" ci="1" mb="0" cb="0"/><line nr="669" mi="0" ci="3" mb="1" cb="1"/><line nr="670" mi="0" ci="12" mb="0" cb="0"/><line nr="672" mi="24" ci="0" mb="0" cb="0"/><line nr="674" mi="0" ci="4" mb="1" cb="1"/><line nr="675" mi="0" ci="6" mb="0" cb="0"/><line nr="677" mi="0" ci="1" mb="0" cb="0"/><line nr="680" mi="0" ci="1" mb="0" cb="0"/><line nr="690" mi="0" ci="4" mb="0" cb="0"/><line nr="691" mi="0" ci="4" mb="0" cb="0"/><line nr="692" mi="0" ci="5" mb="0" cb="4"/><line nr="693" mi="0" ci="3" mb="0" cb="0"/><line nr="695" mi="0" ci="5" mb="2" cb="2"/><line nr="696" mi="0" ci="4" mb="0" cb="0"/><line nr="697" mi="0" ci="4" mb="0" cb="0"/><line nr="698" mi="0" ci="3" mb="0" cb="2"/><line nr="699" mi="0" ci="4" mb="0" cb="0"/><line nr="700" mi="0" ci="15" mb="0" cb="2"/><line nr="701" mi="0" ci="1" mb="0" cb="0"/><line nr="703" mi="0" ci="3" mb="0" cb="0"/><line nr="720" mi="0" ci="7" mb="0" cb="0"/><line nr="721" mi="0" ci="6" mb="0" cb="0"/><line nr="722" mi="0" ci="3" mb="0" cb="2"/><line nr="723" mi="0" ci="4" mb="0" cb="0"/><line nr="724" mi="0" ci="11" mb="0" cb="2"/><line nr="725" mi="0" ci="9" mb="0" cb="0"/><line nr="726" mi="0" ci="1" mb="0" cb="0"/><line nr="728" mi="0" ci="3" mb="0" cb="2"/><line nr="729" mi="0" ci="5" mb="0" cb="0"/><line nr="730" mi="0" ci="4" mb="0" cb="0"/><line nr="731" mi="0" ci="5" mb="0" cb="0"/><line nr="732" mi="0" ci="1" mb="0" cb="0"/><line nr="733" mi="0" ci="4" mb="0" cb="0"/><line nr="735" mi="0" ci="2" mb="0" cb="0"/><line nr="748" mi="0" ci="5" mb="0" cb="0"/><line nr="749" mi="0" ci="1" mb="0" cb="0"/><line nr="750" mi="0" ci="4" mb="0" cb="0"/><line nr="751" mi="5" ci="0" mb="0" cb="0"/><line nr="758" mi="0" ci="3" mb="0" cb="0"/><line nr="761" mi="0" ci="8" mb="0" cb="0"/><line nr="762" mi="0" ci="3" mb="0" cb="0"/><line nr="766" mi="0" ci="8" mb="0" cb="0"/><line nr="767" mi="0" ci="3" mb="0" cb="0"/><line nr="771" mi="0" ci="8" mb="0" cb="0"/><line nr="772" mi="0" ci="6" mb="0" cb="0"/><line nr="776" mi="0" ci="8" mb="0" cb="0"/><line nr="777" mi="0" ci="6" mb="0" cb="0"/><line nr="781" mi="0" ci="8" mb="0" cb="0"/><line nr="782" mi="0" ci="6" mb="0" cb="0"/><line nr="786" mi="0" ci="8" mb="0" cb="0"/><line nr="787" mi="0" ci="12" mb="0" cb="2"/><line nr="791" mi="0" ci="8" mb="0" cb="0"/><line nr="792" mi="0" ci="2" mb="0" cb="0"/><line nr="796" mi="0" ci="8" mb="0" cb="0"/><line nr="797" mi="0" ci="2" mb="0" cb="0"/><line nr="803" mi="0" ci="4" mb="0" cb="0"/><line nr="804" mi="0" ci="3" mb="0" cb="0"/><line nr="805" mi="0" ci="3" mb="0" cb="0"/><line nr="806" mi="0" ci="1" mb="0" cb="0"/><line nr="814" mi="0" ci="3" mb="0" cb="0"/><line nr="825" mi="0" ci="7" mb="0" cb="0"/><line nr="835" mi="0" ci="7" mb="0" cb="0"/><line nr="845" mi="0" ci="16" mb="0" cb="2"/><line nr="846" mi="0" ci="6" mb="1" cb="1"/><line nr="847" mi="2" ci="0" mb="0" cb="0"/><line nr="850" mi="0" ci="2" mb="0" cb="0"/><line nr="861" mi="0" ci="3" mb="0" cb="0"/><line nr="865" mi="7" ci="0" mb="0" cb="0"/><counter type="INSTRUCTION" missed="182" covered="824"/><counter type="BRANCH" missed="11" covered="35"/><counter type="LINE" missed="33" covered="160"/><counter type="COMPLEXITY" missed="12" covered="62"/><counter type="METHOD" missed="2" covered="49"/><counter type="CLASS" missed="0" covered="3"/></sourcefile><sourcefile name="FaceppConstant.java"/><sourcefile name="FaceppFaceOperations.java"><line nr="43" mi="0" ci="3" mb="0" cb="0"/><line nr="44" mi="0" ci="1" mb="0" cb="0"/><line nr="57" mi="0" ci="3" mb="0" cb="0"/><line nr="58" mi="0" ci="5" mb="0" cb="0"/><line nr="59" mi="0" ci="5" mb="0" cb="0"/><line nr="60" mi="0" ci="5" mb="0" cb="0"/><line nr="61" mi="0" ci="2" mb="0" cb="0"/><line nr="62" mi="0" ci="9" mb="0" cb="0"/><line nr="63" mi="0" ci="2" mb="0" cb="0"/><line nr="64" mi="0" ci="9" mb="0" cb="0"/><line nr="65" mi="0" ci="2" mb="0" cb="0"/><line nr="78" mi="0" ci="3" mb="0" cb="0"/><line nr="79" mi="0" ci="5" mb="0" cb="0"/><line nr="80" mi="0" ci="5" mb="0" cb="0"/><line nr="81" mi="0" ci="5" mb="0" cb="0"/><line nr="82" mi="0" ci="2" mb="0" cb="0"/><line nr="83" mi="0" ci="9" mb="0" cb="0"/><line nr="84" mi="0" ci="2" mb="0" cb="0"/><line nr="85" mi="0" ci="9" mb="0" cb="0"/><line nr="86" mi="0" ci="2" mb="0" cb="0"/><line nr="99" mi="0" ci="3" mb="0" cb="0"/><line nr="100" mi="0" ci="5" mb="0" cb="0"/><line nr="101" mi="0" ci="5" mb="0" cb="0"/><line nr="102" mi="0" ci="5" mb="0" cb="0"/><line nr="103" mi="0" ci="2" mb="0" cb="0"/><line nr="104" mi="0" ci="9" mb="0" cb="0"/><line nr="105" mi="0" ci="2" mb="0" cb="0"/><line nr="106" mi="0" ci="8" mb="0" cb="0"/><line nr="107" mi="0" ci="2" mb="0" cb="0"/><line nr="121" mi="0" ci="3" mb="0" cb="0"/><line nr="122" mi="0" ci="5" mb="0" cb="0"/><line nr="123" mi="0" ci="5" mb="0" cb="0"/><line nr="124" mi="0" ci="5" mb="0" cb="0"/><line nr="125" mi="0" ci="2" mb="0" cb="0"/><line nr="126" mi="0" ci="9" mb="0" cb="0"/><line nr="127" mi="0" ci="2" mb="0" cb="0"/><line nr="128" mi="0" ci="9" mb="0" cb="0"/><line nr="129" mi="0" ci="2" mb="0" cb="0"/><line nr="143" mi="0" ci="3" mb="0" cb="0"/><line nr="144" mi="0" ci="5" mb="0" cb="0"/><line nr="145" mi="0" ci="5" mb="0" cb="0"/><line nr="146" mi="0" ci="5" mb="0" cb="0"/><line nr="147" mi="0" ci="3" mb="0" cb="0"/><line nr="148" mi="0" ci="1" mb="0" cb="0"/><line nr="149" mi="0" ci="2" mb="0" cb="0"/><line nr="150" mi="0" ci="8" mb="0" cb="0"/><line nr="151" mi="0" ci="2" mb="0" cb="0"/><line nr="164" mi="0" ci="3" mb="0" cb="0"/><line nr="165" mi="0" ci="5" mb="0" cb="0"/><line nr="166" mi="0" ci="5" mb="0" cb="0"/><line nr="167" mi="0" ci="5" mb="0" cb="0"/><line nr="168" mi="0" ci="3" mb="0" cb="0"/><line nr="169" mi="0" ci="1" mb="0" cb="0"/><line nr="170" mi="0" ci="2" mb="0" cb="0"/><line nr="171" mi="0" ci="8" mb="0" cb="0"/><line nr="172" mi="0" ci="2" mb="0" cb="0"/><line nr="185" mi="0" ci="3" mb="0" cb="0"/><line nr="186" mi="0" ci="5" mb="0" cb="0"/><line nr="187" mi="0" ci="5" mb="0" cb="0"/><line nr="188" mi="0" ci="5" mb="0" cb="0"/><line nr="189" mi="0" ci="3" mb="0" cb="0"/><line nr="190" mi="0" ci="1" mb="0" cb="0"/><line nr="191" mi="0" ci="2" mb="0" cb="0"/><line nr="192" mi="0" ci="8" mb="0" cb="0"/><line nr="193" mi="0" ci="2" mb="0" cb="0"/><line nr="206" mi="0" ci="3" mb="0" cb="0"/><line nr="207" mi="0" ci="5" mb="0" cb="0"/><line nr="208" mi="0" ci="5" mb="0" cb="0"/><line nr="209" mi="0" ci="5" mb="0" cb="0"/><line nr="210" mi="0" ci="3" mb="0" cb="0"/><line nr="211" mi="0" ci="1" mb="0" cb="0"/><line nr="212" mi="0" ci="2" mb="0" cb="0"/><line nr="213" mi="0" ci="8" mb="0" cb="0"/><line nr="214" mi="0" ci="2" mb="0" cb="0"/><line nr="227" mi="0" ci="3" mb="0" cb="0"/><line nr="228" mi="0" ci="5" mb="0" cb="0"/><line nr="229" mi="0" ci="5" mb="0" cb="0"/><line nr="230" mi="0" ci="5" mb="0" cb="0"/><line nr="231" mi="0" ci="2" mb="0" cb="0"/><line nr="232" mi="0" ci="9" mb="0" cb="0"/><line nr="233" mi="0" ci="2" mb="0" cb="0"/><line nr="234" mi="0" ci="8" mb="0" cb="0"/><line nr="235" mi="0" ci="2" mb="0" cb="0"/><line nr="248" mi="0" ci="3" mb="0" cb="0"/><line nr="249" mi="0" ci="5" mb="0" cb="0"/><line nr="250" mi="0" ci="5" mb="0" cb="0"/><line nr="251" mi="0" ci="5" mb="0" cb="0"/><line nr="252" mi="0" ci="2" mb="0" cb="0"/><line nr="253" mi="0" ci="9" mb="0" cb="0"/><line nr="254" mi="0" ci="2" mb="0" cb="0"/><line nr="255" mi="0" ci="8" mb="0" cb="0"/><line nr="256" mi="0" ci="2" mb="0" cb="0"/><line nr="269" mi="0" ci="3" mb="0" cb="0"/><line nr="270" mi="0" ci="5" mb="0" cb="0"/><line nr="271" mi="0" ci="5" mb="0" cb="0"/><line nr="272" mi="0" ci="5" mb="0" cb="0"/><line nr="273" mi="0" ci="2" mb="0" cb="0"/><line nr="274" mi="0" ci="9" mb="0" cb="0"/><line nr="275" mi="0" ci="2" mb="0" cb="0"/><line nr="276" mi="0" ci="8" mb="0" cb="0"/><line nr="277" mi="0" ci="2" mb="0" cb="0"/><line nr="290" mi="0" ci="3" mb="0" cb="0"/><line nr="291" mi="0" ci="5" mb="0" cb="0"/><line nr="292" mi="0" ci="5" mb="0" cb="0"/><line nr="293" mi="0" ci="5" mb="0" cb="0"/><line nr="294" mi="0" ci="2" mb="0" cb="0"/><line nr="295" mi="0" ci="9" mb="0" cb="0"/><line nr="296" mi="0" ci="2" mb="0" cb="0"/><line nr="297" mi="0" ci="8" mb="0" cb="0"/><line nr="298" mi="0" ci="2" mb="0" cb="0"/><line nr="312" mi="0" ci="4" mb="0" cb="0"/><line nr="313" mi="0" ci="5" mb="0" cb="0"/><line nr="314" mi="0" ci="5" mb="0" cb="0"/><line nr="315" mi="0" ci="5" mb="0" cb="0"/><line nr="316" mi="0" ci="2" mb="0" cb="0"/><line nr="317" mi="0" ci="9" mb="0" cb="0"/><line nr="318" mi="0" ci="2" mb="0" cb="0"/><line nr="319" mi="0" ci="8" mb="0" cb="0"/><line nr="320" mi="0" ci="2" mb="0" cb="0"/><line nr="334" mi="0" ci="4" mb="0" cb="0"/><line nr="335" mi="0" ci="5" mb="0" cb="0"/><line nr="336" mi="0" ci="5" mb="0" cb="0"/><line nr="337" mi="0" ci="5" mb="0" cb="0"/><line nr="338" mi="0" ci="2" mb="0" cb="0"/><line nr="339" mi="0" ci="9" mb="0" cb="0"/><line nr="340" mi="0" ci="2" mb="0" cb="0"/><line nr="341" mi="0" ci="8" mb="0" cb="0"/><line nr="342" mi="0" ci="2" mb="0" cb="0"/><line nr="356" mi="0" ci="4" mb="0" cb="0"/><line nr="357" mi="0" ci="5" mb="0" cb="0"/><line nr="358" mi="0" ci="5" mb="0" cb="0"/><line nr="359" mi="0" ci="5" mb="0" cb="0"/><line nr="360" mi="0" ci="2" mb="0" cb="0"/><line nr="361" mi="0" ci="9" mb="0" cb="0"/><line nr="362" mi="0" ci="2" mb="0" cb="0"/><line nr="363" mi="0" ci="8" mb="0" cb="0"/><line nr="364" mi="0" ci="2" mb="0" cb="0"/><counter type="INSTRUCTION" missed="0" covered="597"/><counter type="LINE" missed="0" covered="137"/><counter type="COMPLEXITY" missed="0" covered="16"/><counter type="METHOD" missed="0" covered="16"/><counter type="CLASS" missed="0" covered="1"/></sourcefile><sourcefile name="FaceppFaceAsyncOperations.java"><line nr="35" mi="0" ci="3" mb="0" cb="0"/><line nr="36" mi="0" ci="1" mb="0" cb="0"/><counter type="INSTRUCTION" missed="0" covered="4"/><counter type="LINE" missed="0" covered="2"/><counter type="COMPLEXITY" missed="0" covered="1"/><counter type="METHOD" missed="0" covered="1"/><counter type="CLASS" missed="0" covered="1"/></sourcefile><sourcefile name="FaceppTemplate.java"><line nr="14" mi="0" ci="4" mb="0" cb="0"/><line nr="20" mi="0" ci="6" mb="0" cb="0"/><line nr="21" mi="0" ci="6" mb="0" cb="0"/><line nr="29" mi="0" ci="2" mb="0" cb="0"/><line nr="30" mi="0" ci="3" mb="0" cb="0"/><line nr="31" mi="0" ci="3" mb="0" cb="0"/><line nr="32" mi="0" ci="1" mb="0" cb="0"/><line nr="40" mi="0" ci="3" mb="0" cb="0"/><line nr="49" mi="0" ci="3" mb="0" cb="0"/><line nr="58" mi="0" ci="3" mb="0" cb="0"/><line nr="67" mi="0" ci="3" mb="0" cb="0"/><counter type="INSTRUCTION" missed="0" covered="37"/><counter type="LINE" missed="0" covered="11"/><counter type="COMPLEXITY" missed="0" covered="6"/><counter type="METHOD" missed="0" covered="6"/><counter type="CLASS" missed="0" covered="1"/></sourcefile><sourcefile name="FaceppOperations.java"><line nr="32" mi="0" ci="4" mb="0" cb="0"/><line nr="42" mi="0" ci="2" mb="0" cb="0"/><line nr="43" mi="0" ci="3" mb="0" cb="0"/><line nr="44" mi="0" ci="1" mb="0" cb="0"/><line nr="52" mi="0" ci="4" mb="0" cb="0"/><line nr="61" mi="0" ci="4" mb="0" cb="0"/><line nr="70" mi="0" ci="5" mb="0" cb="0"/><counter type="INSTRUCTION" missed="0" covered="23"/><counter type="LINE" missed="0" covered="7"/><counter type="COMPLEXITY" missed="0" covered="5"/><counter type="METHOD" missed="0" covered="5"/><counter type="CLASS" missed="0" covered="1"/></sourcefile><sourcefile name="FaceppFacesetAsyncOperations.java"><line nr="44" mi="0" ci="3" mb="0" cb="0"/><line nr="45" mi="0" ci="1" mb="0" cb="0"/><line nr="57" mi="0" ci="3" mb="0" cb="0"/><line nr="58" mi="0" ci="5" mb="0" cb="0"/><line nr="59" mi="0" ci="5" mb="0" cb="0"/><line nr="60" mi="0" ci="5" mb="0" cb="0"/><line nr="61" mi="0" ci="3" mb="0" cb="0"/><line nr="62" mi="0" ci="1" mb="0" cb="0"/><line nr="63" mi="0" ci="2" mb="0" cb="0"/><line nr="64" mi="0" ci="7" mb="0" cb="0"/><line nr="65" mi="0" ci="1" mb="0" cb="0"/><line nr="77" mi="0" ci="3" mb="0" cb="0"/><line nr="78" mi="0" ci="5" mb="0" cb="0"/><line nr="79" mi="0" ci="5" mb="0" cb="0"/><line nr="80" mi="0" ci="5" mb="0" cb="0"/><line nr="81" mi="0" ci="3" mb="0" cb="0"/><line nr="82" mi="0" ci="1" mb="0" cb="0"/><line nr="83" mi="0" ci="2" mb="0" cb="0"/><line nr="84" mi="0" ci="7" mb="0" cb="0"/><line nr="85" mi="0" ci="1" mb="0" cb="0"/><line nr="97" mi="0" ci="3" mb="0" cb="0"/><line nr="98" mi="0" ci="5" mb="0" cb="0"/><line nr="99" mi="0" ci="5" mb="0" cb="0"/><line nr="100" mi="0" ci="5" mb="0" cb="0"/><line nr="101" mi="0" ci="3" mb="0" cb="0"/><line nr="102" mi="0" ci="1" mb="0" cb="0"/><line nr="103" mi="0" ci="2" mb="0" cb="0"/><line nr="104" mi="0" ci="7" mb="0" cb="0"/><line nr="105" mi="0" ci="1" mb="0" cb="0"/><line nr="117" mi="0" ci="3" mb="0" cb="0"/><line nr="118" mi="0" ci="5" mb="0" cb="0"/><line nr="119" mi="0" ci="5" mb="0" cb="0"/><line nr="120" mi="0" ci="5" mb="0" cb="0"/><line nr="121" mi="0" ci="3" mb="0" cb="0"/><line nr="122" mi="0" ci="1" mb="0" cb="0"/><line nr="123" mi="0" ci="2" mb="0" cb="0"/><line nr="124" mi="0" ci="7" mb="0" cb="0"/><line nr="125" mi="0" ci="1" mb="0" cb="0"/><line nr="136" mi="0" ci="3" mb="0" cb="0"/><line nr="137" mi="0" ci="5" mb="0" cb="0"/><line nr="138" mi="0" ci="5" mb="0" cb="0"/><line nr="139" mi="0" ci="5" mb="0" cb="0"/><line nr="140" mi="0" ci="1" mb="0" cb="0"/><line nr="141" mi="0" ci="2" mb="0" cb="0"/><line nr="142" mi="0" ci="9" mb="0" cb="0"/><line nr="143" mi="0" ci="2" mb="0" cb="0"/><counter type="INSTRUCTION" missed="0" covered="164"/><counter type="LINE" missed="0" covered="46"/><counter type="COMPLEXITY" missed="0" covered="6"/><counter type="METHOD" missed="0" covered="6"/><counter type="CLASS" missed="0" covered="1"/></sourcefile><sourcefile name="FaceppProperties.java"/><sourcefile name="FaceppFacesetOperations.java"><line nr="46" mi="0" ci="3" mb="0" cb="0"/><line nr="47" mi="0" ci="1" mb="0" cb="0"/><line nr="58" mi="0" ci="3" mb="0" cb="0"/><line nr="59" mi="0" ci="5" mb="0" cb="0"/><line nr="60" mi="0" ci="5" mb="0" cb="0"/><line nr="61" mi="0" ci="4" mb="0" cb="0"/><line nr="62" mi="0" ci="9" mb="0" cb="0"/><line nr="63" mi="0" ci="2" mb="0" cb="0"/><line nr="64" mi="0" ci="9" mb="0" cb="0"/><line nr="65" mi="0" ci="2" mb="0" cb="0"/><line nr="77" mi="0" ci="3" mb="0" cb="0"/><line nr="78" mi="0" ci="5" mb="0" cb="0"/><line nr="79" mi="0" ci="5" mb="0" cb="0"/><line nr="80" mi="0" ci="4" mb="0" cb="0"/><line nr="81" mi="0" ci="9" mb="0" cb="0"/><line nr="82" mi="0" ci="2" mb="0" cb="0"/><line nr="83" mi="0" ci="9" mb="0" cb="0"/><line nr="84" mi="0" ci="2" mb="0" cb="0"/><line nr="96" mi="0" ci="3" mb="0" cb="0"/><line nr="97" mi="0" ci="5" mb="0" cb="0"/><line nr="98" mi="0" ci="5" mb="0" cb="0"/><line nr="99" mi="0" ci="4" mb="0" cb="0"/><line nr="100" mi="0" ci="9" mb="0" cb="0"/><line nr="101" mi="0" ci="2" mb="0" cb="0"/><line nr="102" mi="0" ci="9" mb="0" cb="0"/><line nr="103" mi="0" ci="2" mb="0" cb="0"/><line nr="116" mi="0" ci="3" mb="0" cb="0"/><line nr="117" mi="0" ci="5" mb="0" cb="0"/><line nr="118" mi="0" ci="5" mb="0" cb="0"/><line nr="119" mi="0" ci="5" mb="0" cb="0"/><line nr="120" mi="0" ci="3" mb="0" cb="0"/><line nr="121" mi="0" ci="5" mb="0" cb="4"/><line nr="122" mi="0" ci="4" mb="0" cb="2"/><line nr="123" mi="0" ci="8" mb="0" cb="0"/><line nr="125" mi="0" ci="9" mb="0" cb="0"/><line nr="128" mi="0" ci="10" mb="0" cb="0"/><line nr="129" mi="0" ci="2" mb="0" cb="0"/><line nr="142" mi="0" ci="3" mb="0" cb="0"/><line nr="143" mi="0" ci="5" mb="0" cb="0"/><line nr="144" mi="0" ci="5" mb="0" cb="0"/><line nr="145" mi="0" ci="5" mb="0" cb="0"/><line nr="146" mi="0" ci="3" mb="0" cb="0"/><line nr="147" mi="0" ci="2" mb="0" cb="0"/><line nr="148" mi="0" ci="2" mb="0" cb="0"/><line nr="149" mi="0" ci="9" mb="0" cb="0"/><line nr="150" mi="0" ci="2" mb="0" cb="0"/><line nr="163" mi="0" ci="3" mb="0" cb="0"/><line nr="164" mi="0" ci="5" mb="0" cb="0"/><line nr="165" mi="0" ci="5" mb="0" cb="0"/><line nr="166" mi="0" ci="5" mb="0" cb="0"/><line nr="167" mi="0" ci="3" mb="0" cb="0"/><line nr="168" mi="0" ci="2" mb="0" cb="0"/><line nr="169" mi="0" ci="2" mb="0" cb="0"/><line nr="170" mi="0" ci="9" mb="0" cb="0"/><line nr="171" mi="0" ci="2" mb="0" cb="0"/><line nr="184" mi="0" ci="3" mb="0" cb="0"/><line nr="185" mi="0" ci="5" mb="0" cb="0"/><line nr="186" mi="0" ci="5" mb="0" cb="0"/><line nr="187" mi="0" ci="5" mb="0" cb="0"/><line nr="188" mi="0" ci="3" mb="0" cb="0"/><line nr="189" mi="0" ci="1" mb="0" cb="0"/><line nr="190" mi="0" ci="2" mb="0" cb="0"/><line nr="191" mi="0" ci="9" mb="0" cb="0"/><line nr="192" mi="0" ci="2" mb="0" cb="0"/><line nr="205" mi="0" ci="3" mb="0" cb="0"/><line nr="206" mi="0" ci="5" mb="0" cb="0"/><line nr="207" mi="0" ci="5" mb="0" cb="0"/><line nr="208" mi="0" ci="5" mb="0" cb="0"/><line nr="209" mi="0" ci="3" mb="0" cb="0"/><line nr="210" mi="0" ci="1" mb="0" cb="0"/><line nr="211" mi="0" ci="2" mb="0" cb="0"/><line nr="212" mi="0" ci="9" mb="0" cb="0"/><line nr="213" mi="0" ci="2" mb="0" cb="0"/><line nr="226" mi="0" ci="3" mb="0" cb="0"/><line nr="227" mi="0" ci="5" mb="0" cb="0"/><line nr="228" mi="0" ci="5" mb="0" cb="0"/><line nr="229" mi="0" ci="5" mb="0" cb="0"/><line nr="230" mi="0" ci="3" mb="0" cb="0"/><line nr="231" mi="0" ci="1" mb="0" cb="0"/><line nr="232" mi="0" ci="2" mb="0" cb="0"/><line nr="233" mi="0" ci="9" mb="0" cb="0"/><line nr="234" mi="0" ci="2" mb="0" cb="0"/><line nr="247" mi="0" ci="3" mb="0" cb="0"/><line nr="248" mi="0" ci="5" mb="0" cb="0"/><line nr="249" mi="0" ci="5" mb="0" cb="0"/><line nr="250" mi="0" ci="5" mb="0" cb="0"/><line nr="251" mi="0" ci="3" mb="0" cb="0"/><line nr="252" mi="0" ci="1" mb="0" cb="0"/><line nr="253" mi="0" ci="2" mb="0" cb="0"/><line nr="254" mi="0" ci="9" mb="0" cb="0"/><line nr="255" mi="0" ci="2" mb="0" cb="0"/><line nr="268" mi="0" ci="3" mb="0" cb="0"/><line nr="269" mi="0" ci="5" mb="0" cb="0"/><line nr="270" mi="0" ci="5" mb="0" cb="0"/><line nr="271" mi="0" ci="5" mb="0" cb="0"/><line nr="272" mi="0" ci="3" mb="0" cb="0"/><line nr="273" mi="0" ci="1" mb="0" cb="0"/><line nr="274" mi="0" ci="2" mb="0" cb="0"/><line nr="275" mi="0" ci="9" mb="0" cb="0"/><line nr="276" mi="0" ci="2" mb="0" cb="0"/><line nr="288" mi="0" ci="3" mb="0" cb="0"/><line nr="289" mi="0" ci="5" mb="0" cb="0"/><line nr="290" mi="0" ci="5" mb="0" cb="0"/><line nr="291" mi="0" ci="5" mb="0" cb="0"/><line nr="292" mi="0" ci="1" mb="0" cb="0"/><line nr="293" mi="0" ci="2" mb="0" cb="0"/><line nr="294" mi="0" ci="9" mb="0" cb="0"/><line nr="295" mi="0" ci="2" mb="0" cb="0"/><counter type="INSTRUCTION" missed="0" covered="459"/><counter type="BRANCH" missed="0" covered="6"/><counter type="LINE" missed="0" covered="108"/><counter type="COMPLEXITY" missed="0" covered="16"/><counter type="METHOD" missed="0" covered="13"/><counter type="CLASS" missed="0" covered="1"/></sourcefile><sourcefile name="FaceppApiAddress.java"><line nr="16" mi="0" ci="3" mb="0" cb="0"/><line nr="23" mi="0" ci="9" mb="0" cb="0"/><line nr="28" mi="0" ci="9" mb="0" cb="0"/><line nr="33" mi="0" ci="9" mb="0" cb="0"/><line nr="38" mi="0" ci="9" mb="0" cb="0"/><line nr="43" mi="0" ci="9" mb="0" cb="0"/><line nr="48" mi="0" ci="9" mb="0" cb="0"/><line nr="53" mi="0" ci="9" mb="0" cb="0"/><line nr="56" mi="0" ci="9" mb="0" cb="0"/><line nr="59" mi="0" ci="9" mb="0" cb="0"/><line nr="62" mi="0" ci="9" mb="0" cb="0"/><line nr="65" mi="0" ci="9" mb="0" cb="0"/><line nr="68" mi="0" ci="9" mb="0" cb="0"/><line nr="71" mi="0" ci="9" mb="0" cb="0"/><line nr="74" mi="0" ci="9" mb="0" cb="0"/><line nr="79" mi="0" ci="9" mb="0" cb="0"/><line nr="82" mi="0" ci="9" mb="0" cb="0"/><line nr="85" mi="0" ci="9" mb="0" cb="0"/><line nr="88" mi="0" ci="9" mb="0" cb="0"/><line nr="96" mi="0" ci="9" mb="0" cb="0"/><line nr="102" mi="0" ci="9" mb="0" cb="0"/><line nr="108" mi="0" ci="9" mb="0" cb="0"/><line nr="114" mi="0" ci="9" mb="0" cb="0"/><line nr="120" mi="0" ci="9" mb="0" cb="0"/><line nr="126" mi="0" ci="9" mb="0" cb="0"/><line nr="132" mi="0" ci="9" mb="0" cb="0"/><line nr="138" mi="0" ci="9" mb="0" cb="0"/><line nr="144" mi="0" ci="9" mb="0" cb="0"/><line nr="150" mi="0" ci="9" mb="0" cb="0"/><line nr="158" mi="0" ci="9" mb="0" cb="0"/><line nr="164" mi="0" ci="9" mb="0" cb="0"/><line nr="172" mi="0" ci="9" mb="0" cb="0"/><line nr="178" mi="0" ci="9" mb="0" cb="0"/><line nr="184" mi="0" ci="9" mb="0" cb="0"/><line nr="190" mi="0" ci="9" mb="0" cb="0"/><line nr="196" mi="0" ci="9" mb="0" cb="0"/><line nr="202" mi="0" ci="9" mb="0" cb="0"/><line nr="208" mi="0" ci="9" mb="0" cb="0"/><line nr="215" mi="0" ci="4" mb="0" cb="0"/><line nr="216" mi="0" ci="3" mb="0" cb="0"/><line nr="217" mi="0" ci="3" mb="0" cb="0"/><line nr="218" mi="0" ci="3" mb="0" cb="0"/><line nr="219" mi="0" ci="1" mb="0" cb="0"/><line nr="227" mi="0" ci="3" mb="0" cb="0"/><line nr="236" mi="0" ci="3" mb="0" cb="0"/><line nr="245" mi="0" ci="3" mb="0" cb="0"/><line nr="255" mi="0" ci="5" mb="0" cb="0"/><counter type="INSTRUCTION" missed="0" covered="364"/><counter type="LINE" missed="0" covered="47"/><counter type="COMPLEXITY" missed="0" covered="6"/><counter type="METHOD" missed="0" covered="6"/><counter type="CLASS" missed="0" covered="1"/></sourcefile><counter type="INSTRUCTION" missed="182" covered="2523"/><counter type="BRANCH" missed="11" covered="41"/><counter type="LINE" missed="33" covered="527"/><counter type="COMPLEXITY" missed="12" covered="119"/><counter type="METHOD" missed="2" covered="103"/><counter type="CLASS" missed="0" covered="11"/></package><package name="com/faceplusplus/spring/boot/resp"><class name="com/faceplusplus/spring/boot/resp/FaceAttributes$FaceAttrSmile" sourcefilename="FaceAttributes.java"/><class name="com/faceplusplus/spring/boot/resp/FaceRemoveResponse$FailureFetail" sourcefilename="FaceRemoveResponse.java"/><class name="com/faceplusplus/spring/boot/resp/FacesetListResponse$FacesetFetail" sourcefilename="FacesetListResponse.java"/><class name="com/faceplusplus/spring/boot/resp/FaceSetUserIdResponse" sourcefilename="FaceSetUserIdResponse.java"/><class name="com/faceplusplus/spring/boot/resp/FaceAttributes$FaceAttrBlur" sourcefilename="FaceAttributes.java"/><class name="com/faceplusplus/spring/boot/resp/FacesetListResponse" sourcefilename="FacesetListResponse.java"/><class name="com/faceplusplus/spring/boot/resp/FaceAttributes" sourcefilename="FaceAttributes.java"/><class name="com/faceplusplus/spring/boot/resp/FaceRemoveResponse" sourcefilename="FaceRemoveResponse.java"/><class name="com/faceplusplus/spring/boot/resp/FaceSkinAnalyzeResponse" sourcefilename="FaceSkinAnalyzeResponse.java"/><class name="com/faceplusplus/spring/boot/resp/FacesetDetailResponse" sourcefilename="FacesetDetailResponse.java"/><class name="com/faceplusplus/spring/boot/resp/FaceCompareResponse" sourcefilename="FaceCompareResponse.java"/><class name="com/faceplusplus/spring/boot/resp/FaceDetectResponse" sourcefilename="FaceDetectResponse.java"/><class name="com/faceplusplus/spring/boot/resp/FacesetUpdateResponse" sourcefilename="FacesetUpdateResponse.java"/><class name="com/faceplusplus/spring/boot/resp/FacesetCreateResponse$FailureFetail" sourcefilename="FacesetCreateResponse.java"/><class name="com/faceplusplus/spring/boot/resp/FaceppResponse" sourcefilename="FaceppResponse.java"><method name="isSuccess" desc="()Z" line="56"><counter type="INSTRUCTION" missed="0" covered="8"/><counter type="BRANCH" missed="0" covered="2"/><counter type="LINE" missed="0" covered="1"/><counter type="COMPLEXITY" missed="0" covered="2"/><counter type="METHOD" missed="0" covered="1"/></method><counter type="INSTRUCTION" missed="0" covered="8"/><counter type="BRANCH" missed="0" covered="2"/><counter type="LINE" missed="0" covered="1"/><counter type="COMPLEXITY" missed="0" covered="2"/><counter type="METHOD" missed="0" covered="1"/><counter type="CLASS" missed="0" covered="1"/></class><class name="com/faceplusplus/spring/boot/resp/FaceStatusResponse" sourcefilename="FaceStatusResponse.java"/><class name="com/faceplusplus/spring/boot/resp/FaceLandmark" sourcefilename="FaceLandmark.java"/><class name="com/faceplusplus/spring/boot/resp/FaceAttributes$FaceAttrHeadpose" sourcefilename="FaceAttributes.java"/><class name="com/faceplusplus/spring/boot/resp/FaceAnalyzeResponse" sourcefilename="FaceAnalyzeResponse.java"/><class name="com/faceplusplus/spring/boot/resp/FacesetDeleteResponse" sourcefilename="FacesetDeleteResponse.java"/><class name="com/faceplusplus/spring/boot/resp/FaceAddResponse$FailureFetail" sourcefilename="FaceAddResponse.java"/><class name="com/faceplusplus/spring/boot/resp/FaceSetFetail" sourcefilename="FaceSetFetail.java"/><class name="com/faceplusplus/spring/boot/resp/FaceDetailResponse" sourcefilename="FaceDetailResponse.java"/><class name="com/faceplusplus/spring/boot/resp/FaceStatusResponse$FailureFetail" sourcefilename="FaceStatusResponse.java"/><class name="com/faceplusplus/spring/boot/resp/FacesetCreateResponse" sourcefilename="FacesetCreateResponse.java"/><class name="com/faceplusplus/spring/boot/resp/FaceAttributes$FaceAttrValue" sourcefilename="FaceAttributes.java"/><class name="com/faceplusplus/spring/boot/resp/FaceAddResponse" sourcefilename="FaceAddResponse.java"/><class name="com/faceplusplus/spring/boot/resp/FaceSearchResponse" sourcefilename="FaceSearchResponse.java"/><class name="com/faceplusplus/spring/boot/resp/FaceRectangle" sourcefilename="FaceRectangle.java"/><sourcefile name="FaceppResponse.java"><line nr="56" mi="0" ci="8" mb="0" cb="2"/><counter type="INSTRUCTION" missed="0" covered="8"/><counter type="BRANCH" missed="0" covered="2"/><counter type="LINE" missed="0" covered="1"/><counter type="COMPLEXITY" missed="0" covered="2"/><counter type="METHOD" missed="0" covered="1"/><counter type="CLASS" missed="0" covered="1"/></sourcefile><sourcefile name="FacesetCreateResponse.java"/><sourcefile name="FacesetDeleteResponse.java"/><sourcefile name="FaceLandmark.java"/><sourcefile name="FaceSearchResponse.java"/><sourcefile name="FaceSetUserIdResponse.java"/><sourcefile name="FaceDetailResponse.java"/><sourcefile name="FacesetDetailResponse.java"/><sourcefile name="FaceDetectResponse.java"/><sourcefile name="FaceCompareResponse.java"/><sourcefile name="FacesetListResponse.java"/><sourcefile name="FacesetUpdateResponse.java"/><sourcefile name="FaceRectangle.java"/><sourcefile name="FaceRemoveResponse.java"/><sourcefile name="FaceSetFetail.java"/><sourcefile name="FaceStatusResponse.java"/><sourcefile name="FaceAttributes.java"/><sourcefile name="FaceAnalyzeResponse.java"/><sourcefile name="FaceSkinAnalyzeResponse.java"/><sourcefile name="FaceAddResponse.java"/><counter type="INSTRUCTION" missed="0" covered="8"/><counter type="BRANCH" missed="0" covered="2"/><counter type="LINE" missed="0" covered="1"/><counter type="COMPLEXITY" missed="0" covered="2"/><counter type="METHOD" missed="0" covered="1"/><counter type="CLASS" missed="0" covered="1"/></package><package name="com/faceplusplus/spring/boot/req"><class name="com/faceplusplus/spring/boot/req/FaceSearchOptions$FaceSearchOptionsBuilder" sourcefilename="FaceSearchOptions.java"/><class name="com/faceplusplus/spring/boot/req/FaceDetectOptions" sourcefilename="FaceDetectOptions.java"/><class name="com/faceplusplus/spring/boot/req/FaceAnalyzeOptions$FaceAnalyzeOptionsBuilder" sourcefilename="FaceAnalyzeOptions.java"/><class name="com/faceplusplus/spring/boot/req/FaceAnalyzeOptions" sourcefilename="FaceAnalyzeOptions.java"/><class name="com/faceplusplus/spring/boot/req/SkinAnalyzeOptions" sourcefilename="SkinAnalyzeOptions.java"/><class name="com/faceplusplus/spring/boot/req/SkinAnalyzeOptions$SkinAnalyzeOptionsBuilder" sourcefilename="SkinAnalyzeOptions.java"/><class name="com/faceplusplus/spring/boot/req/FacesetBo" sourcefilename="FacesetBo.java"/><class name="com/faceplusplus/spring/boot/req/FaceSearchOptions" sourcefilename="FaceSearchOptions.java"/><class name="com/faceplusplus/spring/boot/req/SkinAnalyzeType" sourcefilename="SkinAnalyzeType.java"><method name="&lt;init&gt;" desc="(Ljava/lang/String;ILjava/util/function/Function;)V" line="35"><counter type="INSTRUCTION" missed="0" covered="8"/><counter type="LINE" missed="0" covered="3"/><counter type="COMPLEXITY" missed="0" covered="1"/><counter type="METHOD" missed="0" covered="1"/></method><method name="getApiAddress" desc="()Lcom/faceplusplus/spring/boot/FaceppApiAddress;" line="45"><counter type="INSTRUCTION" missed="0" covered="6"/><counter type="LINE" missed="0" covered="1"/><counter type="COMPLEXITY" missed="0" covered="1"/><counter type="METHOD" missed="0" covered="1"/></method><method name="lambda$static$2" desc="(Ljava/lang/Object;)Lcom/faceplusplus/spring/boot/FaceppApiAddress;" line="30"><counter type="INSTRUCTION" missed="0" covered="2"/><counter type="LINE" missed="0" covered="1"/><counter type="COMPLEXITY" missed="0" covered="1"/><counter type="METHOD" missed="0" covered="1"/></method><method name="lambda$static$1" desc="(Ljava/lang/Object;)Lcom/faceplusplus/spring/boot/FaceppApiAddress;" line="25"><counter type="INSTRUCTION" missed="0" covered="2"/><counter type="LINE" missed="0" covered="1"/><counter type="COMPLEXITY" missed="0" covered="1"/><counter type="METHOD" missed="0" covered="1"/></method><method name="lambda$static$0" desc="(Ljava/lang/Object;)Lcom/faceplusplus/spring/boot/FaceppApiAddress;" line="20"><counter type="INSTRUCTION" missed="0" covered="2"/><counter type="LINE" missed="0" covered="1"/><counter type="COMPLEXITY" missed="0" covered="1"/><counter type="METHOD" missed="0" covered="1"/></method><method name="&lt;clinit&gt;" desc="()V" line="16"><counter type="INSTRUCTION" missed="0" covered="24"/><counter type="LINE" missed="0" covered="4"/><counter type="COMPLEXITY" missed="0" covered="1"/><counter type="METHOD" missed="0" covered="1"/></method><counter type="INSTRUCTION" missed="0" covered="44"/><counter type="LINE" missed="0" covered="11"/><counter type="COMPLEXITY" missed="0" covered="6"/><counter type="METHOD" missed="0" covered="6"/><counter type="CLASS" missed="0" covered="1"/></class><class name="com/faceplusplus/spring/boot/req/FaceDetectOptions$FaceDetectOptionsBuilder" sourcefilename="FaceDetectOptions.java"/><class name="com/faceplusplus/spring/boot/req/FacesetDeleteBo" sourcefilename="FacesetDeleteBo.java"/><class name="com/faceplusplus/spring/boot/req/FacesetUpdateBo" sourcefilename="FacesetUpdateBo.java"/><sourcefile name="FacesetUpdateBo.java"/><sourcefile name="FaceDetectOptions.java"/><sourcefile name="FaceAnalyzeOptions.java"/><sourcefile name="FaceSearchOptions.java"/><sourcefile name="FacesetBo.java"/><sourcefile name="SkinAnalyzeType.java"><line nr="16" mi="0" ci="3" mb="0" cb="0"/><line nr="19" mi="0" ci="7" mb="0" cb="0"/><line nr="20" mi="0" ci="2" mb="0" cb="0"/><line nr="24" mi="0" ci="7" mb="0" cb="0"/><line nr="25" mi="0" ci="2" mb="0" cb="0"/><line nr="29" mi="0" ci="7" mb="0" cb="0"/><line nr="30" mi="0" ci="2" mb="0" cb="0"/><line nr="35" mi="0" ci="4" mb="0" cb="0"/><line nr="36" mi="0" ci="3" mb="0" cb="0"/><line nr="37" mi="0" ci="1" mb="0" cb="0"/><line nr="45" mi="0" ci="6" mb="0" cb="0"/><counter type="INSTRUCTION" missed="0" covered="44"/><counter type="LINE" missed="0" covered="11"/><counter type="COMPLEXITY" missed="0" covered="6"/><counter type="METHOD" missed="0" covered="6"/><counter type="CLASS" missed="0" covered="1"/></sourcefile><sourcefile name="SkinAnalyzeOptions.java"/><sourcefile name="FacesetDeleteBo.java"/><counter type="INSTRUCTION" missed="0" covered="44"/><counter type="LINE" missed="0" covered="11"/><counter type="COMPLEXITY" missed="0" covered="6"/><counter type="METHOD" missed="0" covered="6"/><counter type="CLASS" missed="0" covered="1"/></package><counter type="INSTRUCTION" missed="182" covered="2575"/><counter type="BRANCH" missed="11" covered="43"/><counter type="LINE" missed="33" covered="539"/><counter type="COMPLEXITY" missed="12" covered="127"/><counter type="METHOD" missed="2" covered="110"/><counter type="CLASS" missed="0" covered="13"/></report>