<?xml version="1.0" encoding="UTF-8"?>
<testsuite xmlns:xsi="http://www.w3.org/2001/XMLSchema-instance" xsi:noNamespaceSchemaLocation="https://maven.apache.org/surefire/maven-surefire-plugin/xsd/surefire-test-report.xsd" version="3.0.2" name="com.faceplusplus.spring.boot.resp.FacesetUpdateResponseTest" time="0.006" tests="4" errors="0" skipped="0" failures="0">
  <properties>
[...]
</properties>
  <testcase name="shouldExtendFaceppResponse" classname="com.faceplusplus.spring.boot.resp.FacesetUpdateResponseTest" time="0.002"/>
  <testcase name="shouldSupportEqualsAndHashCode" classname="com.faceplusplus.spring.boot.resp.FacesetUpdateResponseTest" time="0.001"/>
  <testcase name="shouldCreateWithDefaults" classname="com.faceplusplus.spring.boot.resp.FacesetUpdateResponseTest" time="0.0"/>
  <testcase name="shouldSupportSettersAndGetters" classname="com.faceplusplus.spring.boot.resp.FacesetUpdateResponseTest" time="0.0"/>
</testsuite>